#
# There is insufficient memory for the Java Runtime Environment to continue.
# Native memory allocation (mmap) failed to map 102760448 bytes for committing reserved memory.
# Possible reasons:
#   The system is out of physical RAM or swap space
#   In 32 bit mode, the process size limit was hit
# Possible solutions:
#   Reduce memory load on the system
#   Increase physical memory or swap space
#   Check if swap backing store is full
#   Use 64 bit Java on a 64 bit OS
#   Decrease Java heap size (-Xmx/-Xms)
#   Decrease number of Java threads
#   Decrease Java thread stack sizes (-Xss)
#   Set larger code cache with -XX:ReservedCodeCacheSize=
# This output file may be truncated or incomplete.
#
#  Out of Memory Error (os_linux.cpp:2627), pid=14405, tid=0x00007fe5cce60700
#
# JRE version: Java(TM) SE Runtime Environment (8.0_101-b13) (build 1.8.0_101-b13)
# Java VM: Java HotSpot(TM) 64-Bit Server VM (25.101-b13 mixed mode linux-amd64 compressed oops)
# Failed to write core dump. Core dumps have been disabled. To enable core dumping, try "ulimit -c unlimited" before starting Java again
#

---------------  T H R E A D  ---------------

Current thread (0x00007fe5e0078000):  VMThread [stack: 0x00007fe5ccd60000,0x00007fe5cce61000] [id=14414]

Stack: [0x00007fe5ccd60000,0x00007fe5cce61000],  sp=0x00007fe5cce5f320,  free space=1020k
Native frames: (J=compiled Java code, j=interpreted, Vv=VM code, C=native code)
V  [libjvm.so+0xac3f0a]  VMError::report_and_die()+0x2ba
V  [libjvm.so+0x4fbf9b]  report_vm_out_of_memory(char const*, int, unsigned long, VMErrorType, char const*)+0x8b
V  [libjvm.so+0x9222d3]  os::Linux::commit_memory_impl(char*, unsigned long, bool)+0x103
V  [libjvm.so+0x922829]  os::pd_commit_memory(char*, unsigned long, unsigned long, bool)+0x29
V  [libjvm.so+0x91cb2a]  os::commit_memory(char*, unsigned long, unsigned long, bool)+0x2a
V  [libjvm.so+0x991053]  PSVirtualSpace::expand_by(unsigned long)+0x53
V  [libjvm.so+0x981920]  PSOldGen::expand(unsigned long)+0x170
V  [libjvm.so+0x981b2b]  PSOldGen::resize(unsigned long)+0x1cb
V  [libjvm.so+0x989821]  PSParallelCompact::invoke_no_policy(bool)+0x991
V  [libjvm.so+0x98f17d]  PSScavenge::invoke()+0x1ad
V  [libjvm.so+0x945fc0]  ParallelScavengeHeap::failed_mem_allocate(unsigned long)+0x70
V  [libjvm.so+0xac5927]  VM_ParallelGCFailedAllocation::doit()+0x97
V  [libjvm.so+0xacd405]  VM_Operation::evaluate()+0x55
V  [libjvm.so+0xacb7da]  VMThread::evaluate_operation(VM_Operation*)+0xba
V  [libjvm.so+0xacbb5e]  VMThread::loop()+0x1ce
V  [libjvm.so+0xacbfd0]  VMThread::run()+0x70
V  [libjvm.so+0x924698]  java_start(Thread*)+0x108

VM_Operation (0x00007fe5af6f4e10): ParallelGCFailedAllocation, mode: safepoint, requested by thread 0x00007fe5e015d000


---------------  P R O C E S S  ---------------

Java Threads: ( => current thread )
  0x00007fe5e015d000 JavaThread "pool-2-thread-4" [_thread_blocked, id=14440, stack(0x00007fe5af5f6000,0x00007fe5af6f7000)]
  0x00007fe5e015b800 JavaThread "pool-2-thread-3" [_thread_blocked, id=14439, stack(0x00007fe5af6f7000,0x00007fe5af7f8000)]
  0x00007fe5e015b000 JavaThread "pool-2-thread-2" [_thread_blocked, id=14438, stack(0x00007fe5af7f8000,0x00007fe5af8f9000)]
  0x00007fe5e0151800 JavaThread "pool-3-thread-1" [_thread_blocked, id=14434, stack(0x00007fe5af8f9000,0x00007fe5af9fa000)]
  0x00007fe5e0150000 JavaThread "pool-2-thread-1" [_thread_blocked, id=14432, stack(0x00007fe5af9fa000,0x00007fe5afafb000)]
  0x00007fe5e00da000 JavaThread "Service Thread" daemon [_thread_blocked, id=14422, stack(0x00007fe5afbfc000,0x00007fe5afcfd000)]
  0x00007fe5e00bd000 JavaThread "C1 CompilerThread2" daemon [_thread_blocked, id=14421, stack(0x00007fe5afcfd000,0x00007fe5afdfe000)]
  0x00007fe5e00bb000 JavaThread "C2 CompilerThread1" daemon [_thread_blocked, id=14420, stack(0x00007fe5afdfe000,0x00007fe5afeff000)]
  0x00007fe5e00b8800 JavaThread "C2 CompilerThread0" daemon [_thread_blocked, id=14419, stack(0x00007fe5afeff000,0x00007fe5b0000000)]
  0x00007fe5e00b7000 JavaThread "Signal Dispatcher" daemon [_thread_blocked, id=14418, stack(0x00007fe5cc09e000,0x00007fe5cc19f000)]
  0x00007fe5e0084000 JavaThread "Finalizer" daemon [_thread_blocked, id=14416, stack(0x00007fe5ccb5e000,0x00007fe5ccc5f000)]
  0x00007fe5e007f800 JavaThread "Reference Handler" daemon [_thread_blocked, id=14415, stack(0x00007fe5ccc5f000,0x00007fe5ccd60000)]
  0x00007fe5e000a000 JavaThread "main" [_thread_blocked, id=14408, stack(0x00007fe5e7423000,0x00007fe5e7524000)]

Other Threads:
=>0x00007fe5e0078000 VMThread [stack: 0x00007fe5ccd60000,0x00007fe5cce61000] [id=14414]
  0x00007fe5e00dd000 WatcherThread [stack: 0x00007fe5afafb000,0x00007fe5afbfc000] [id=14423]

VM state:at safepoint (normal execution)

VM Mutex/Monitor currently owned by a thread:  ([mutex/lock_event])
[0x00007fe5e0005ef0] ExpandHeap_lock - owner thread: 0x00007fe5e0078000
[0x00007fe5e0006570] Threads_lock - owner thread: 0x00007fe5e0078000
[0x00007fe5e0006a70] Heap_lock - owner thread: 0x00007fe5e015d000

Heap:
 PSYoungGen      total 215552K, used 0K [0x00000000eab00000, 0x0000000100000000, 0x0000000100000000)
  eden space 116736K, 0% used [0x00000000eab00000,0x00000000eab00000,0x00000000f1d00000)
  from space 98816K, 0% used [0x00000000f9f80000,0x00000000f9f80000,0x0000000100000000)
  to   space 116224K, 0% used [0x00000000f1d00000,0x00000000f1d00000,0x00000000f8e80000)
 ParOldGen       total 297984K, used 205853K [0x00000000c0000000, 0x00000000d2300000, 0x00000000eab00000)
  object space 297984K, 69% used [0x00000000c0000000,0x00000000cc9076e0,0x00000000d2300000)
 Metaspace       used 6428K, capacity 7192K, committed 7424K, reserved 1056768K
  class space    used 610K, capacity 656K, committed 768K, reserved 1048576K

Card table byte_map: [0x00007fe5d0dff000,0x00007fe5d1000000] byte_map_base: 0x00007fe5d07ff000

Marking Bits: (ParMarkBitMap*) 0x00007fe5e68ff120
 Begin Bits: [0x00007fe5ce9fb000, 0x00007fe5cf9fb000)
 End Bits:   [0x00007fe5cf9fb000, 0x00007fe5d09fb000)

Polling page: 0x00007fe5e754e000

CodeCache: size=245760Kb used=8399Kb max_used=8415Kb free=237360Kb
 bounds [0x00007fe5d1000000, 0x00007fe5d1850000, 0x00007fe5e0000000]
 total_blobs=2324 nmethods=2058 adapters=181
 compilation: enabled

Compilation events (10 events):
Event: 29.384 Thread 0x00007fe5e00bb000 nmethod 2376 0x00007fe5d181d750 code [0x00007fe5d181d8c0, 0x00007fe5d181da98]
Event: 29.384 Thread 0x00007fe5e00bb000 1380       4       com.android.dx.ssa.SsaMethod::bitSetFromLabelList (47 bytes)
Event: 29.404 Thread 0x00007fe5e00b8800 nmethod 2327 0x00007fe5d181fe90 code [0x00007fe5d1820020, 0x00007fe5d18207d8]
Event: 29.404 Thread 0x00007fe5e00b8800 2177       4       com.android.dx.ssa.SsaMethod::indexListFromLabelList (47 bytes)
Event: 30.317 Thread 0x00007fe5e00b8800 nmethod 2177 0x00007fe5d181e6d0 code [0x00007fe5d181e860, 0x00007fe5d181ef98]
Event: 30.317 Thread 0x00007fe5e00b8800 2314       4       com.android.dx.ssa.BasicRegisterMapper::addMapping (68 bytes)
Event: 30.333 Thread 0x00007fe5e00bb000 nmethod 1380 0x00007fe5d1832590 code [0x00007fe5d1832720, 0x00007fe5d1832e78]
Event: 30.333 Thread 0x00007fe5e00bb000 2377 %     4       com.android.dx.ssa.SsaConverter::placePhiFunctions @ 103 (394 bytes)
Event: 30.430 Thread 0x00007fe5e00b8800 nmethod 2314 0x00007fe5d181dc90 code [0x00007fe5d181de00, 0x00007fe5d181e278]
Event: 30.431 Thread 0x00007fe5e00b8800 2161       4       com.android.dx.ssa.SsaBasicBlock::newFromRop (183 bytes)

GC Heap History (10 events):
Event: 20.153 GC heap after
Heap after GC invocations=8 (full 1):
 PSYoungGen      total 271872K, used 45549K [0x00000000eab00000, 0x0000000100000000, 0x0000000100000000)
  eden space 226304K, 0% used [0x00000000eab00000,0x00000000eab00000,0x00000000f8800000)
  from space 45568K, 99% used [0x00000000f8800000,0x00000000fb47b5c8,0x00000000fb480000)
  to   space 77312K, 0% used [0x00000000fb480000,0x00000000fb480000,0x0000000100000000)
 ParOldGen       total 161280K, used 145757K [0x00000000c0000000, 0x00000000c9d80000, 0x00000000eab00000)
  object space 161280K, 90% used [0x00000000c0000000,0x00000000c8e57500,0x00000000c9d80000)
 Metaspace       used 6384K, capacity 7192K, committed 7424K, reserved 1056768K
  class space    used 610K, capacity 656K, committed 768K, reserved 1048576K
}
Event: 20.153 GC heap before
{Heap before GC invocations=9 (full 2):
 PSYoungGen      total 271872K, used 45549K [0x00000000eab00000, 0x0000000100000000, 0x0000000100000000)
  eden space 226304K, 0% used [0x00000000eab00000,0x00000000eab00000,0x00000000f8800000)
  from space 45568K, 99% used [0x00000000f8800000,0x00000000fb47b5c8,0x00000000fb480000)
  to   space 77312K, 0% used [0x00000000fb480000,0x00000000fb480000,0x0000000100000000)
 ParOldGen       total 161280K, used 145757K [0x00000000c0000000, 0x00000000c9d80000, 0x00000000eab00000)
  object space 161280K, 90% used [0x00000000c0000000,0x00000000c8e57500,0x00000000c9d80000)
 Metaspace       used 6384K, capacity 7192K, committed 7424K, reserved 1056768K
  class space    used 610K, capacity 656K, committed 768K, reserved 1048576K
Event: 22.256 GC heap after
Heap after GC invocations=9 (full 2):
 PSYoungGen      total 271872K, used 19130K [0x00000000eab00000, 0x0000000100000000, 0x0000000100000000)
  eden space 226304K, 0% used [0x00000000eab00000,0x00000000eab00000,0x00000000f8800000)
  from space 45568K, 41% used [0x00000000f8800000,0x00000000f9aaebc8,0x00000000fb480000)
  to   space 77312K, 0% used [0x00000000fb480000,0x00000000fb480000,0x0000000100000000)
 ParOldGen       total 297984K, used 161054K [0x00000000c0000000, 0x00000000d2300000, 0x00000000eab00000)
  object space 297984K, 54% used [0x00000000c0000000,0x00000000c9d47940,0x00000000d2300000)
 Metaspace       used 6384K, capacity 7192K, committed 7424K, reserved 1056768K
  class space    used 610K, capacity 656K, committed 768K, reserved 1048576K
}
Event: 24.188 GC heap before
{Heap before GC invocations=10 (full 2):
 PSYoungGen      total 271872K, used 245434K [0x00000000eab00000, 0x0000000100000000, 0x0000000100000000)
  eden space 226304K, 100% used [0x00000000eab00000,0x00000000f8800000,0x00000000f8800000)
  from space 45568K, 41% used [0x00000000f8800000,0x00000000f9aaebc8,0x00000000fb480000)
  to   space 77312K, 0% used [0x00000000fb480000,0x00000000fb480000,0x0000000100000000)
 ParOldGen       total 297984K, used 161054K [0x00000000c0000000, 0x00000000d2300000, 0x00000000eab00000)
  object space 297984K, 54% used [0x00000000c0000000,0x00000000c9d47940,0x00000000d2300000)
 Metaspace       used 6404K, capacity 7192K, committed 7424K, reserved 1056768K
  class space    used 610K, capacity 656K, committed 768K, reserved 1048576K
Event: 24.965 GC heap after
Heap after GC invocations=10 (full 2):
 PSYoungGen      total 228864K, used 74479K [0x00000000eab00000, 0x0000000100000000, 0x0000000100000000)
  eden space 151552K, 0% used [0x00000000eab00000,0x00000000eab00000,0x00000000f3f00000)
  from space 77312K, 96% used [0x00000000fb480000,0x00000000ffd3bd00,0x0000000100000000)
  to   space 98816K, 0% used [0x00000000f3f00000,0x00000000f3f00000,0x00000000f9f80000)
 ParOldGen       total 297984K, used 161062K [0x00000000c0000000, 0x00000000d2300000, 0x00000000eab00000)
  object space 297984K, 54% used [0x00000000c0000000,0x00000000c9d49940,0x00000000d2300000)
 Metaspace       used 6404K, capacity 7192K, committed 7424K, reserved 1056768K
  class space    used 610K, capacity 656K, committed 768K, reserved 1048576K
}
Event: 29.526 GC heap before
{Heap before GC invocations=11 (full 2):
 PSYoungGen      total 228864K, used 226031K [0x00000000eab00000, 0x0000000100000000, 0x0000000100000000)
  eden space 151552K, 100% used [0x00000000eab00000,0x00000000f3f00000,0x00000000f3f00000)
  from space 77312K, 96% used [0x00000000fb480000,0x00000000ffd3bd00,0x0000000100000000)
  to   space 98816K, 0% used [0x00000000f3f00000,0x00000000f3f00000,0x00000000f9f80000)
 ParOldGen       total 297984K, used 161062K [0x00000000c0000000, 0x00000000d2300000, 0x00000000eab00000)
  object space 297984K, 54% used [0x00000000c0000000,0x00000000c9d49940,0x00000000d2300000)
 Metaspace       used 6428K, capacity 7192K, committed 7424K, reserved 1056768K
  class space    used 610K, capacity 656K, committed 768K, reserved 1048576K
Event: 30.314 GC heap after
Heap after GC invocations=11 (full 2):
 PSYoungGen      total 250368K, used 98796K [0x00000000eab00000, 0x0000000100000000, 0x0000000100000000)
  eden space 151552K, 0% used [0x00000000eab00000,0x00000000eab00000,0x00000000f3f00000)
  from space 98816K, 99% used [0x00000000f3f00000,0x00000000f9f7b060,0x00000000f9f80000)
  to   space 98816K, 0% used [0x00000000f9f80000,0x00000000f9f80000,0x0000000100000000)
 ParOldGen       total 297984K, used 194195K [0x00000000c0000000, 0x00000000d2300000, 0x00000000eab00000)
  object space 297984K, 65% used [0x00000000c0000000,0x00000000cbda4ed0,0x00000000d2300000)
 Metaspace       used 6428K, capacity 7192K, committed 7424K, reserved 1056768K
  class space    used 610K, capacity 656K, committed 768K, reserved 1048576K
}
Event: 30.664 GC heap before
{Heap before GC invocations=12 (full 2):
 PSYoungGen      total 250368K, used 250348K [0x00000000eab00000, 0x0000000100000000, 0x0000000100000000)
  eden space 151552K, 100% used [0x00000000eab00000,0x00000000f3f00000,0x00000000f3f00000)
  from space 98816K, 99% used [0x00000000f3f00000,0x00000000f9f7b060,0x00000000f9f80000)
  to   space 98816K, 0% used [0x00000000f9f80000,0x00000000f9f80000,0x0000000100000000)
 ParOldGen       total 297984K, used 194195K [0x00000000c0000000, 0x00000000d2300000, 0x00000000eab00000)
  object space 297984K, 65% used [0x00000000c0000000,0x00000000cbda4ed0,0x00000000d2300000)
 Metaspace       used 6428K, capacity 7192K, committed 7424K, reserved 1056768K
  class space    used 610K, capacity 656K, committed 768K, reserved 1048576K
Event: 31.555 GC heap after
Heap after GC invocations=12 (full 2):
 PSYoungGen      total 215552K, used 98801K [0x00000000eab00000, 0x0000000100000000, 0x0000000100000000)
  eden space 116736K, 0% used [0x00000000eab00000,0x00000000eab00000,0x00000000f1d00000)
  from space 98816K, 99% used [0x00000000f9f80000,0x00000000ffffc768,0x0000000100000000)
  to   space 116224K, 0% used [0x00000000f1d00000,0x00000000f1d00000,0x00000000f8e80000)
 ParOldGen       total 297984K, used 279672K [0x00000000c0000000, 0x00000000d2300000, 0x00000000eab00000)
  object space 297984K, 93% used [0x00000000c0000000,0x00000000d111e340,0x00000000d2300000)
 Metaspace       used 6428K, capacity 7192K, committed 7424K, reserved 1056768K
  class space    used 610K, capacity 656K, committed 768K, reserved 1048576K
}
Event: 31.555 GC heap before
{Heap before GC invocations=13 (full 3):
 PSYoungGen      total 215552K, used 98801K [0x00000000eab00000, 0x0000000100000000, 0x0000000100000000)
  eden space 116736K, 0% used [0x00000000eab00000,0x00000000eab00000,0x00000000f1d00000)
  from space 98816K, 99% used [0x00000000f9f80000,0x00000000ffffc768,0x0000000100000000)
  to   space 116224K, 0% used [0x00000000f1d00000,0x00000000f1d00000,0x00000000f8e80000)
 ParOldGen       total 297984K, used 279672K [0x00000000c0000000, 0x00000000d2300000, 0x00000000eab00000)
  object space 297984K, 93% used [0x00000000c0000000,0x00000000d111e340,0x00000000d2300000)
 Metaspace       used 6428K, capacity 7192K, committed 7424K, reserved 1056768K
  class space    used 610K, capacity 656K, committed 768K, reserved 1048576K

Deoptimization events (10 events):
Event: 13.142 Thread 0x00007fe5e000a000 Uncommon trap: reason=bimorphic action=maybe_recompile pc=0x00007fe5d1504f90 method=com.android.dx.cf.code.BytecodeArray.parseInstruction(ILcom/android/dx/cf/code/BytecodeArray$Visitor;)I @ 1357
Event: 13.156 Thread 0x00007fe5e000a000 Uncommon trap: reason=bimorphic action=maybe_recompile pc=0x00007fe5d1504f90 method=com.android.dx.cf.code.BytecodeArray.parseInstruction(ILcom/android/dx/cf/code/BytecodeArray$Visitor;)I @ 1357
Event: 14.090 Thread 0x00007fe5e000a000 Uncommon trap: reason=bimorphic action=maybe_recompile pc=0x00007fe5d1612cd8 method=com.android.dx.ssa.SCCP.setLatticeValueTo(IILcom/android/dx/rop/cst/Constant;)Z @ 43
Event: 14.090 Thread 0x00007fe5e000a000 Uncommon trap: reason=bimorphic action=maybe_recompile pc=0x00007fe5d1612cd8 method=com.android.dx.ssa.SCCP.setLatticeValueTo(IILcom/android/dx/rop/cst/Constant;)Z @ 43
Event: 14.090 Thread 0x00007fe5e000a000 Uncommon trap: reason=bimorphic action=maybe_recompile pc=0x00007fe5d1612cd8 method=com.android.dx.ssa.SCCP.setLatticeValueTo(IILcom/android/dx/rop/cst/Constant;)Z @ 43
Event: 14.090 Thread 0x00007fe5e000a000 Uncommon trap: reason=bimorphic action=maybe_recompile pc=0x00007fe5d1612cd8 method=com.android.dx.ssa.SCCP.setLatticeValueTo(IILcom/android/dx/rop/cst/Constant;)Z @ 43
Event: 15.888 Thread 0x00007fe5e000a000 Uncommon trap: reason=bimorphic action=maybe_recompile pc=0x00007fe5d15047b0 method=com.android.dx.cf.code.BytecodeArray.parseInstruction(ILcom/android/dx/cf/code/BytecodeArray$Visitor;)I @ 1501
Event: 15.889 Thread 0x00007fe5e000a000 Uncommon trap: reason=bimorphic action=maybe_recompile pc=0x00007fe5d15047b0 method=com.android.dx.cf.code.BytecodeArray.parseInstruction(ILcom/android/dx/cf/code/BytecodeArray$Visitor;)I @ 1501
Event: 16.065 Thread 0x00007fe5e000a000 Uncommon trap: reason=unstable_if action=reinterpret pc=0x00007fe5d12a75b8 method=java.util.HashMap.getNode(ILjava/lang/Object;)Ljava/util/HashMap$Node; @ 84
Event: 27.249 Thread 0x00007fe5e000a000 Uncommon trap: reason=unstable_if action=reinterpret pc=0x00007fe5d17c4a34 method=com.android.dx.cf.code.Ropper.isSynchronized()Z @ 12

Internal exceptions (5 events):
Event: 0.161 Thread 0x00007fe5e000a000 Exception <a 'java/lang/NoSuchMethodError': Method sun.misc.Unsafe.defineClass(Ljava/lang/String;[BII)Ljava/lang/Class; name or signature does not match> (0x00000000eab07cc0) thrown at [/HUDSON3/workspace/8-2-build-linux-amd64/jdk8u101/7261/hotspot/src/sh
Event: 0.161 Thread 0x00007fe5e000a000 Exception <a 'java/lang/NoSuchMethodError': Method sun.misc.Unsafe.prefetchRead(Ljava/lang/Object;J)V name or signature does not match> (0x00000000eab07fa8) thrown at [/HUDSON3/workspace/8-2-build-linux-amd64/jdk8u101/7261/hotspot/src/share/vm/prims/jni.c
Event: 5.566 Thread 0x00007fe5e015b800 Exception <a 'java/lang/ArrayIndexOutOfBoundsException': 18> (0x00000000ed4b0c88) thrown at [/HUDSON3/workspace/8-2-build-linux-amd64/jdk8u101/7261/hotspot/src/share/vm/interpreter/interpreterRuntime.cpp, line 366]
Event: 5.567 Thread 0x00007fe5e015b800 Exception <a 'java/lang/ArrayIndexOutOfBoundsException': 145> (0x00000000ed4b2808) thrown at [/HUDSON3/workspace/8-2-build-linux-amd64/jdk8u101/7261/hotspot/src/share/vm/interpreter/interpreterRuntime.cpp, line 366]
Event: 5.573 Thread 0x00007fe5e015b800 Exception <a 'java/lang/ArrayIndexOutOfBoundsException': 40> (0x00000000ed4b3af0) thrown at [/HUDSON3/workspace/8-2-build-linux-amd64/jdk8u101/7261/hotspot/src/share/vm/interpreter/interpreterRuntime.cpp, line 366]

Events (10 events):
Event: 28.627 Thread 0x00007fe5e000a000 DEOPT UNPACKING pc=0x00007fe5d1047233 sp=0x00007fe5e7521570 mode 0
Event: 29.381 Thread 0x00007fe5e015b800 DEOPT PACKING pc=0x00007fe5d1384cac sp=0x00007fe5af7f5e90
Event: 29.381 Thread 0x00007fe5e015b800 DEOPT UNPACKING pc=0x00007fe5d1047233 sp=0x00007fe5af7f5b90 mode 0
Event: 29.479 Thread 0x00007fe5e015d000 DEOPT PACKING pc=0x00007fe5d1384cac sp=0x00007fe5af6f4f10
Event: 29.479 Thread 0x00007fe5e015d000 DEOPT UNPACKING pc=0x00007fe5d1047233 sp=0x00007fe5af6f4c10 mode 0
Event: 29.510 Executing VM operation: ParallelGCFailedAllocation
Event: 30.314 Executing VM operation: ParallelGCFailedAllocation done
Event: 30.484 Thread 0x00007fe5e015b000 DEOPT PACKING pc=0x00007fe5d1384cac sp=0x00007fe5af8f7010
Event: 30.484 Thread 0x00007fe5e015b000 DEOPT UNPACKING pc=0x00007fe5d1047233 sp=0x00007fe5af8f6d10 mode 0
Event: 30.648 Executing VM operation: ParallelGCFailedAllocation


Dynamic libraries:
00400000-00401000 r-xp 00000000 08:01 1322254                            /usr/lib/jvm/java-8-oracle/bin/java
00600000-00601000 rw-p 00000000 08:01 1322254                            /usr/lib/jvm/java-8-oracle/bin/java
011f0000-01211000 rw-p 00000000 00:00 0                                  [heap]
c0000000-d2300000 rw-p 00000000 00:00 0 
d8500000-eab00000 ---p 00000000 00:00 0 
eab00000-100000000 rw-p 00000000 00:00 0 
100000000-1000c0000 rw-p 00000000 00:00 0 
1000c0000-140000000 ---p 00000000 00:00 0 
7fe580000000-7fe580021000 rw-p 00000000 00:00 0 
7fe580021000-7fe584000000 ---p 00000000 00:00 0 
7fe584000000-7fe584028000 rw-p 00000000 00:00 0 
7fe584028000-7fe588000000 ---p 00000000 00:00 0 
7fe588000000-7fe588021000 rw-p 00000000 00:00 0 
7fe588021000-7fe58c000000 ---p 00000000 00:00 0 
7fe58c000000-7fe58c028000 rw-p 00000000 00:00 0 
7fe58c028000-7fe590000000 ---p 00000000 00:00 0 
7fe590000000-7fe590021000 rw-p 00000000 00:00 0 
7fe590021000-7fe594000000 ---p 00000000 00:00 0 
7fe594000000-7fe59402b000 rw-p 00000000 00:00 0 
7fe59402b000-7fe598000000 ---p 00000000 00:00 0 
7fe598000000-7fe598997000 rw-p 00000000 00:00 0 
7fe598997000-7fe59c000000 ---p 00000000 00:00 0 
7fe59c000000-7fe59c021000 rw-p 00000000 00:00 0 
7fe59c021000-7fe5a0000000 ---p 00000000 00:00 0 
7fe5a0000000-7fe5a12c6000 rw-p 00000000 00:00 0 
7fe5a12c6000-7fe5a4000000 ---p 00000000 00:00 0 
7fe5a4000000-7fe5a5227000 rw-p 00000000 00:00 0 
7fe5a5227000-7fe5a8000000 ---p 00000000 00:00 0 
7fe5a8000000-7fe5a8021000 rw-p 00000000 00:00 0 
7fe5a8021000-7fe5ac000000 ---p 00000000 00:00 0 
7fe5af5f6000-7fe5af5f9000 ---p 00000000 00:00 0 
7fe5af5f9000-7fe5af6f7000 rw-p 00000000 00:00 0 
7fe5af6f7000-7fe5af6fa000 ---p 00000000 00:00 0 
7fe5af6fa000-7fe5af7f8000 rw-p 00000000 00:00 0 
7fe5af7f8000-7fe5af7fb000 ---p 00000000 00:00 0 
7fe5af7fb000-7fe5af8f9000 rw-p 00000000 00:00 0 
7fe5af8f9000-7fe5af8fc000 ---p 00000000 00:00 0 
7fe5af8fc000-7fe5af9fa000 rw-p 00000000 00:00 0 
7fe5af9fa000-7fe5af9fd000 ---p 00000000 00:00 0 
7fe5af9fd000-7fe5afafb000 rw-p 00000000 00:00 0 
7fe5afafb000-7fe5afafc000 ---p 00000000 00:00 0 
7fe5afafc000-7fe5afbfc000 rw-p 00000000 00:00 0 
7fe5afbfc000-7fe5afbff000 ---p 00000000 00:00 0 
7fe5afbff000-7fe5afcfd000 rw-p 00000000 00:00 0 
7fe5afcfd000-7fe5afd00000 ---p 00000000 00:00 0 
7fe5afd00000-7fe5afdfe000 rw-p 00000000 00:00 0 
7fe5afdfe000-7fe5afe01000 ---p 00000000 00:00 0 
7fe5afe01000-7fe5afeff000 rw-p 00000000 00:00 0 
7fe5afeff000-7fe5aff02000 ---p 00000000 00:00 0 
7fe5aff02000-7fe5b0000000 rw-p 00000000 00:00 0 
7fe5b0000000-7fe5b0021000 rw-p 00000000 00:00 0 
7fe5b0021000-7fe5b4000000 ---p 00000000 00:00 0 
7fe5b4000000-7fe5b4021000 rw-p 00000000 00:00 0 
7fe5b4021000-7fe5b8000000 ---p 00000000 00:00 0 
7fe5b8000000-7fe5b8021000 rw-p 00000000 00:00 0 
7fe5b8021000-7fe5bc000000 ---p 00000000 00:00 0 
7fe5bc000000-7fe5bc2a3000 rw-p 00000000 00:00 0 
7fe5bc2a3000-7fe5c0000000 ---p 00000000 00:00 0 
7fe5c0000000-7fe5c0021000 rw-p 00000000 00:00 0 
7fe5c0021000-7fe5c4000000 ---p 00000000 00:00 0 
7fe5c4000000-7fe5c4021000 rw-p 00000000 00:00 0 
7fe5c4021000-7fe5c8000000 ---p 00000000 00:00 0 
7fe5c8000000-7fe5c8021000 rw-p 00000000 00:00 0 
7fe5c8021000-7fe5cc000000 ---p 00000000 00:00 0 
7fe5cc05a000-7fe5cc07f000 r--p 00000000 08:01 2363733                    /usr/share/locale-langpack/es/LC_MESSAGES/libc.mo
7fe5cc07f000-7fe5cc090000 r--s 000bf000 08:01 7093110                    /home/armando/Dev/github/mi-libreta-firebase/app/build/intermediates/exploded-aar/com.google.android.gms/play-services-ads/9.0.2/jars/classes.jar
7fe5cc090000-7fe5cc09e000 r--s 000e0000 08:01 1862219                    /home/armando/Android/Sdk/build-tools/24.0.0/lib/dx.jar
7fe5cc09e000-7fe5cc0a1000 ---p 00000000 00:00 0 
7fe5cc0a1000-7fe5cc19f000 rw-p 00000000 00:00 0 
7fe5cc19f000-7fe5ccb5e000 r--p 00000000 08:01 1318185                    /usr/lib/locale/locale-archive
7fe5ccb5e000-7fe5ccb61000 ---p 00000000 00:00 0 
7fe5ccb61000-7fe5ccc5f000 rw-p 00000000 00:00 0 
7fe5ccc5f000-7fe5ccc62000 ---p 00000000 00:00 0 
7fe5ccc62000-7fe5ccd60000 rw-p 00000000 00:00 0 
7fe5ccd60000-7fe5ccd61000 ---p 00000000 00:00 0 
7fe5ccd61000-7fe5cde22000 rw-p 00000000 00:00 0 
7fe5cde22000-7fe5cdffb000 r--s 03d29000 08:01 1322281                    /usr/lib/jvm/java-8-oracle/jre/lib/rt.jar
7fe5cdffb000-7fe5ce67b000 rw-p 00000000 00:00 0 
7fe5ce67b000-7fe5ce7fb000 ---p 00000000 00:00 0 
7fe5ce7fb000-7fe5d09fb000 rw-p 00000000 00:00 0 
7fe5d09fb000-7fe5d09fc000 ---p 00000000 00:00 0 
7fe5d09fc000-7fe5d0afc000 rw-p 00000000 00:00 0 
7fe5d0afc000-7fe5d0afd000 ---p 00000000 00:00 0 
7fe5d0afd000-7fe5d0bfd000 rw-p 00000000 00:00 0 
7fe5d0bfd000-7fe5d0bfe000 ---p 00000000 00:00 0 
7fe5d0bfe000-7fe5d0cfe000 rw-p 00000000 00:00 0 
7fe5d0cfe000-7fe5d0cff000 ---p 00000000 00:00 0 
7fe5d0cff000-7fe5d0e91000 rw-p 00000000 00:00 0 
7fe5d0e91000-7fe5d0f54000 ---p 00000000 00:00 0 
7fe5d0f54000-7fe5d0fff000 rw-p 00000000 00:00 0 
7fe5d0fff000-7fe5d1000000 rw-p 00000000 00:00 0 
7fe5d1000000-7fe5d1850000 rwxp 00000000 00:00 0 
7fe5d1850000-7fe5e0000000 ---p 00000000 00:00 0 
7fe5e0000000-7fe5e03a9000 rw-p 00000000 00:00 0 
7fe5e03a9000-7fe5e4000000 ---p 00000000 00:00 0 
7fe5e400b000-7fe5e4113000 rw-p 00000000 00:00 0 
7fe5e4113000-7fe5e41d7000 ---p 00000000 00:00 0 
7fe5e41d7000-7fe5e41f9000 rw-p 00000000 00:00 0 
7fe5e41f9000-7fe5e4597000 ---p 00000000 00:00 0 
7fe5e4597000-7fe5e45b1000 r-xp 00000000 08:01 1322358                    /usr/lib/jvm/java-8-oracle/jre/lib/amd64/libzip.so
7fe5e45b1000-7fe5e47b1000 ---p 0001a000 08:01 1322358                    /usr/lib/jvm/java-8-oracle/jre/lib/amd64/libzip.so
7fe5e47b1000-7fe5e47b2000 rw-p 0001a000 08:01 1322358                    /usr/lib/jvm/java-8-oracle/jre/lib/amd64/libzip.so
7fe5e47b2000-7fe5e47bd000 r-xp 00000000 08:01 6820467                    /lib/x86_64-linux-gnu/libnss_files-2.23.so
7fe5e47bd000-7fe5e49bc000 ---p 0000b000 08:01 6820467                    /lib/x86_64-linux-gnu/libnss_files-2.23.so
7fe5e49bc000-7fe5e49bd000 r--p 0000a000 08:01 6820467                    /lib/x86_64-linux-gnu/libnss_files-2.23.so
7fe5e49bd000-7fe5e49be000 rw-p 0000b000 08:01 6820467                    /lib/x86_64-linux-gnu/libnss_files-2.23.so
7fe5e49be000-7fe5e49c4000 rw-p 00000000 00:00 0 
7fe5e49c4000-7fe5e49cf000 r-xp 00000000 08:01 6820477                    /lib/x86_64-linux-gnu/libnss_nis-2.23.so
7fe5e49cf000-7fe5e4bce000 ---p 0000b000 08:01 6820477                    /lib/x86_64-linux-gnu/libnss_nis-2.23.so
7fe5e4bce000-7fe5e4bcf000 r--p 0000a000 08:01 6820477                    /lib/x86_64-linux-gnu/libnss_nis-2.23.so
7fe5e4bcf000-7fe5e4bd0000 rw-p 0000b000 08:01 6820477                    /lib/x86_64-linux-gnu/libnss_nis-2.23.so
7fe5e4bd0000-7fe5e4be6000 r-xp 00000000 08:01 6820461                    /lib/x86_64-linux-gnu/libnsl-2.23.so
7fe5e4be6000-7fe5e4de5000 ---p 00016000 08:01 6820461                    /lib/x86_64-linux-gnu/libnsl-2.23.so
7fe5e4de5000-7fe5e4de6000 r--p 00015000 08:01 6820461                    /lib/x86_64-linux-gnu/libnsl-2.23.so
7fe5e4de6000-7fe5e4de7000 rw-p 00016000 08:01 6820461                    /lib/x86_64-linux-gnu/libnsl-2.23.so
7fe5e4de7000-7fe5e4de9000 rw-p 00000000 00:00 0 
7fe5e4de9000-7fe5e4df1000 r-xp 00000000 08:01 6820463                    /lib/x86_64-linux-gnu/libnss_compat-2.23.so
7fe5e4df1000-7fe5e4ff0000 ---p 00008000 08:01 6820463                    /lib/x86_64-linux-gnu/libnss_compat-2.23.so
7fe5e4ff0000-7fe5e4ff1000 r--p 00007000 08:01 6820463                    /lib/x86_64-linux-gnu/libnss_compat-2.23.so
7fe5e4ff1000-7fe5e4ff2000 rw-p 00008000 08:01 6820463                    /lib/x86_64-linux-gnu/libnss_compat-2.23.so
7fe5e4ff2000-7fe5e501c000 r-xp 00000000 08:01 1322382                    /usr/lib/jvm/java-8-oracle/jre/lib/amd64/libjava.so
7fe5e501c000-7fe5e521c000 ---p 0002a000 08:01 1322382                    /usr/lib/jvm/java-8-oracle/jre/lib/amd64/libjava.so
7fe5e521c000-7fe5e521e000 rw-p 0002a000 08:01 1322382                    /usr/lib/jvm/java-8-oracle/jre/lib/amd64/libjava.so
7fe5e521e000-7fe5e522b000 r-xp 00000000 08:01 1322338                    /usr/lib/jvm/java-8-oracle/jre/lib/amd64/libverify.so
7fe5e522b000-7fe5e542b000 ---p 0000d000 08:01 1322338                    /usr/lib/jvm/java-8-oracle/jre/lib/amd64/libverify.so
7fe5e542b000-7fe5e542d000 rw-p 0000d000 08:01 1322338                    /usr/lib/jvm/java-8-oracle/jre/lib/amd64/libverify.so
7fe5e542d000-7fe5e5434000 r-xp 00000000 08:01 6820522                    /lib/x86_64-linux-gnu/librt-2.23.so
7fe5e5434000-7fe5e5633000 ---p 00007000 08:01 6820522                    /lib/x86_64-linux-gnu/librt-2.23.so
7fe5e5633000-7fe5e5634000 r--p 00006000 08:01 6820522                    /lib/x86_64-linux-gnu/librt-2.23.so
7fe5e5634000-7fe5e5635000 rw-p 00007000 08:01 6820522                    /lib/x86_64-linux-gnu/librt-2.23.so
7fe5e5635000-7fe5e573d000 r-xp 00000000 08:01 6820438                    /lib/x86_64-linux-gnu/libm-2.23.so
7fe5e573d000-7fe5e593c000 ---p 00108000 08:01 6820438                    /lib/x86_64-linux-gnu/libm-2.23.so
7fe5e593c000-7fe5e593d000 r--p 00107000 08:01 6820438                    /lib/x86_64-linux-gnu/libm-2.23.so
7fe5e593d000-7fe5e593e000 rw-p 00108000 08:01 6820438                    /lib/x86_64-linux-gnu/libm-2.23.so
7fe5e593e000-7fe5e6609000 r-xp 00000000 08:01 1322392                    /usr/lib/jvm/java-8-oracle/jre/lib/amd64/server/libjvm.so
7fe5e6609000-7fe5e6808000 ---p 00ccb000 08:01 1322392                    /usr/lib/jvm/java-8-oracle/jre/lib/amd64/server/libjvm.so
7fe5e6808000-7fe5e68e1000 rw-p 00cca000 08:01 1322392                    /usr/lib/jvm/java-8-oracle/jre/lib/amd64/server/libjvm.so
7fe5e68e1000-7fe5e692c000 rw-p 00000000 00:00 0 
7fe5e692c000-7fe5e6aec000 r-xp 00000000 08:01 6820368                    /lib/x86_64-linux-gnu/libc-2.23.so
7fe5e6aec000-7fe5e6ceb000 ---p 001c0000 08:01 6820368                    /lib/x86_64-linux-gnu/libc-2.23.so
7fe5e6ceb000-7fe5e6cef000 r--p 001bf000 08:01 6820368                    /lib/x86_64-linux-gnu/libc-2.23.so
7fe5e6cef000-7fe5e6cf1000 rw-p 001c3000 08:01 6820368                    /lib/x86_64-linux-gnu/libc-2.23.so
7fe5e6cf1000-7fe5e6cf5000 rw-p 00000000 00:00 0 
7fe5e6cf5000-7fe5e6cf8000 r-xp 00000000 08:01 6820392                    /lib/x86_64-linux-gnu/libdl-2.23.so
7fe5e6cf8000-7fe5e6ef7000 ---p 00003000 08:01 6820392                    /lib/x86_64-linux-gnu/libdl-2.23.so
7fe5e6ef7000-7fe5e6ef8000 r--p 00002000 08:01 6820392                    /lib/x86_64-linux-gnu/libdl-2.23.so
7fe5e6ef8000-7fe5e6ef9000 rw-p 00003000 08:01 6820392                    /lib/x86_64-linux-gnu/libdl-2.23.so
7fe5e6ef9000-7fe5e6f0e000 r-xp 00000000 08:01 1321559                    /usr/lib/jvm/java-8-oracle/lib/amd64/jli/libjli.so
7fe5e6f0e000-7fe5e710e000 ---p 00015000 08:01 1321559                    /usr/lib/jvm/java-8-oracle/lib/amd64/jli/libjli.so
7fe5e710e000-7fe5e710f000 rw-p 00015000 08:01 1321559                    /usr/lib/jvm/java-8-oracle/lib/amd64/jli/libjli.so
7fe5e710f000-7fe5e7127000 r-xp 00000000 08:01 6820514                    /lib/x86_64-linux-gnu/libpthread-2.23.so
7fe5e7127000-7fe5e7326000 ---p 00018000 08:01 6820514                    /lib/x86_64-linux-gnu/libpthread-2.23.so
7fe5e7326000-7fe5e7327000 r--p 00017000 08:01 6820514                    /lib/x86_64-linux-gnu/libpthread-2.23.so
7fe5e7327000-7fe5e7328000 rw-p 00018000 08:01 6820514                    /lib/x86_64-linux-gnu/libpthread-2.23.so
7fe5e7328000-7fe5e732c000 rw-p 00000000 00:00 0 
7fe5e732c000-7fe5e7352000 r-xp 00000000 08:01 6820340                    /lib/x86_64-linux-gnu/ld-2.23.so
7fe5e735e000-7fe5e7423000 rw-p 00000000 00:00 0 
7fe5e7423000-7fe5e7426000 ---p 00000000 00:00 0 
7fe5e7426000-7fe5e7528000 rw-p 00000000 00:00 0 
7fe5e752a000-7fe5e7531000 r--s 00000000 08:01 1575994                    /usr/lib/x86_64-linux-gnu/gconv/gconv-modules.cache
7fe5e7531000-7fe5e7545000 rw-p 00000000 00:00 0 
7fe5e7545000-7fe5e754d000 rw-s 00000000 08:01 1852128                    /tmp/hsperfdata_armando/14405
7fe5e754d000-7fe5e754e000 rw-p 00000000 00:00 0 
7fe5e754e000-7fe5e754f000 ---p 00000000 00:00 0 
7fe5e754f000-7fe5e7551000 rw-p 00000000 00:00 0 
7fe5e7551000-7fe5e7552000 r--p 00025000 08:01 6820340                    /lib/x86_64-linux-gnu/ld-2.23.so
7fe5e7552000-7fe5e7553000 rw-p 00026000 08:01 6820340                    /lib/x86_64-linux-gnu/ld-2.23.so
7fe5e7553000-7fe5e7554000 rw-p 00000000 00:00 0 
7ffd1ea09000-7ffd1ea2a000 rw-p 00000000 00:00 0                          [stack]
7ffd1ebb0000-7ffd1ebb2000 r--p 00000000 00:00 0                          [vvar]
7ffd1ebb2000-7ffd1ebb4000 r-xp 00000000 00:00 0                          [vdso]
ffffffffff600000-ffffffffff601000 r-xp 00000000 00:00 0                  [vsyscall]

VM Arguments:
jvm_args: -Djava.awt.headless=true -Xmx1024M -Dfile.encoding=UTF-8 -Duser.country=US -Duser.language=es -Duser.variant 
java_command: com.android.dx.command.Main --dex --force-jumbo --num-threads=4 --multi-dex --output /home/armando/Dev/github/mi-libreta-firebase/app/build/intermediates/transforms/dex/debug/folders/1000/10/com.google.android.gms-play-services-ads-9.0.2_727130e188331e2fa5ee1b5a1aba6ecf9cb58392 /home/armando/Dev/github/mi-libreta-firebase/app/build/intermediates/exploded-aar/com.google.android.gms/play-services-ads/9.0.2/jars/classes.jar
java_class_path (initial): /home/armando/Android/Sdk/build-tools/24.0.0/lib/dx.jar
Launcher Type: SUN_STANDARD

Environment Variables:
JAVA_HOME=/home/armando/Dev/jdk1.8.0_51
PATH=/usr/local/sbin:/usr/local/bin:/usr/sbin:/usr/bin:/sbin:/bin:/usr/games:/usr/local/games:$JAVA_HOME/bin:/snap/bin
LD_LIBRARY_PATH=/home/armando/Dev/android-studio/bin:
SHELL=/bin/bash
DISPLAY=:0

Signal Handlers:
SIGSEGV: [libjvm.so+0xac4790], sa_mask[0]=11111111011111111101111111111110, sa_flags=SA_RESTART|SA_SIGINFO
SIGBUS: [libjvm.so+0xac4790], sa_mask[0]=11111111011111111101111111111110, sa_flags=SA_RESTART|SA_SIGINFO
SIGFPE: [libjvm.so+0x91f140], sa_mask[0]=11111111011111111101111111111110, sa_flags=SA_RESTART|SA_SIGINFO
SIGPIPE: [libjvm.so+0x91f140], sa_mask[0]=11111111011111111101111111111110, sa_flags=SA_RESTART|SA_SIGINFO
SIGXFSZ: [libjvm.so+0x91f140], sa_mask[0]=11111111011111111101111111111110, sa_flags=SA_RESTART|SA_SIGINFO
SIGILL: [libjvm.so+0x91f140], sa_mask[0]=11111111011111111101111111111110, sa_flags=SA_RESTART|SA_SIGINFO
SIGUSR1: SIG_DFL, sa_mask[0]=00000000000000000000000000000000, sa_flags=none
SIGUSR2: [libjvm.so+0x920770], sa_mask[0]=00100000000000000000000000000000, sa_flags=SA_RESTART|SA_SIGINFO
SIGHUP: [libjvm.so+0x921b70], sa_mask[0]=11111111011111111101111111111110, sa_flags=SA_RESTART|SA_SIGINFO
SIGINT: [libjvm.so+0x921b70], sa_mask[0]=11111111011111111101111111111110, sa_flags=SA_RESTART|SA_SIGINFO
SIGTERM: [libjvm.so+0x921b70], sa_mask[0]=11111111011111111101111111111110, sa_flags=SA_RESTART|SA_SIGINFO
SIGQUIT: [libjvm.so+0x921b70], sa_mask[0]=11111111011111111101111111111110, sa_flags=SA_RESTART|SA_SIGINFO


---------------  S Y S T E M  ---------------

OS:DISTRIB_ID=Ubuntu
DISTRIB_RELEASE=16.04
DISTRIB_CODENAME=xenial
DISTRIB_DESCRIPTION="Ubuntu 16.04.1 LTS"

uname:Linux 4.4.0-31-generic #50-Ubuntu SMP Wed Jul 13 00:07:12 UTC 2016 x86_64
libc:glibc 2.23 NPTL 2.23 
rlimit: STACK 8192k, CORE 0k, NPROC 30974, NOFILE 65536, AS infinity
load average:70.09 27.33 14.91

/proc/meminfo:
MemTotal:        7968104 kB
MemFree:          102732 kB
MemAvailable:      26256 kB
Buffers:            1656 kB
Cached:           269804 kB
SwapCached:         6528 kB
Active:          6252388 kB
Inactive:        1251976 kB
Active(anon):    6220812 kB
Inactive(anon):  1221724 kB
Active(file):      31576 kB
Inactive(file):    30252 kB
Unevictable:        1128 kB
Mlocked:            1128 kB
SwapTotal:       8179708 kB
SwapFree:              0 kB
Dirty:                 0 kB
Writeback:             0 kB
AnonPages:       7230588 kB
Mapped:            77992 kB
Shmem:            208828 kB
Slab:             123332 kB
SReclaimable:      58240 kB
SUnreclaim:        65092 kB
KernelStack:       24384 kB
PageTables:       135068 kB
NFS_Unstable:          0 kB
Bounce:                0 kB
WritebackTmp:          0 kB
CommitLimit:    12163760 kB
Committed_AS:   32895888 kB
VmallocTotal:   34359738367 kB
VmallocUsed:           0 kB
VmallocChunk:          0 kB
HardwareCorrupted:     0 kB
AnonHugePages:    944128 kB
CmaTotal:              0 kB
CmaFree:               0 kB
HugePages_Total:       0
HugePages_Free:        0
HugePages_Rsvd:        0
HugePages_Surp:        0
Hugepagesize:       2048 kB
DirectMap4k:      321792 kB
DirectMap2M:     7860224 kB


CPU:total 4 (2 cores per cpu, 2 threads per core) family 6 model 37 stepping 5, cmov, cx8, fxsr, mmx, sse, sse2, sse3, ssse3, sse4.1, sse4.2, popcnt, ht, tsc, tscinvbit

/proc/cpuinfo:
processor	: 0
vendor_id	: GenuineIntel
cpu family	: 6
model		: 37
model name	: Intel(R) Core(TM) i3 CPU       M 380  @ 2.53GHz
stepping	: 5
microcode	: 0x4
cpu MHz		: 2533.000
cache size	: 3072 KB
physical id	: 0
siblings	: 4
core id		: 0
cpu cores	: 2
apicid		: 0
initial apicid	: 0
fpu		: yes
fpu_exception	: yes
cpuid level	: 11
wp		: yes
flags		: fpu vme de pse tsc msr pae mce cx8 apic sep mtrr pge mca cmov pat pse36 clflush dts acpi mmx fxsr sse sse2 ss ht tm pbe syscall nx rdtscp lm constant_tsc arch_perfmon pebs bts rep_good nopl xtopology nonstop_tsc aperfmperf pni dtes64 monitor ds_cpl vmx est tm2 ssse3 cx16 xtpr pdcm pcid sse4_1 sse4_2 popcnt lahf_lm tpr_shadow vnmi flexpriority ept vpid dtherm arat
bugs		:
bogomips	: 5066.91
clflush size	: 64
cache_alignment	: 64
address sizes	: 36 bits physical, 48 bits virtual
power management:

processor	: 1
vendor_id	: GenuineIntel
cpu family	: 6
model		: 37
model name	: Intel(R) Core(TM) i3 CPU       M 380  @ 2.53GHz
stepping	: 5
microcode	: 0x4
cpu MHz		: 2533.000
cache size	: 3072 KB
physical id	: 0
siblings	: 4
core id		: 0
cpu cores	: 2
apicid		: 1
initial apicid	: 1
fpu		: yes
fpu_exception	: yes
cpuid level	: 11
wp		: yes
flags		: fpu vme de pse tsc msr pae mce cx8 apic sep mtrr pge mca cmov pat pse36 clflush dts acpi mmx fxsr sse sse2 ss ht tm pbe syscall nx rdtscp lm constant_tsc arch_perfmon pebs bts rep_good nopl xtopology nonstop_tsc aperfmperf pni dtes64 monitor ds_cpl vmx est tm2 ssse3 cx16 xtpr pdcm pcid sse4_1 sse4_2 popcnt lahf_lm tpr_shadow vnmi flexpriority ept vpid dtherm arat
bugs		:
bogomips	: 5066.91
clflush size	: 64
cache_alignment	: 64
address sizes	: 36 bits physical, 48 bits virtual
power management:

processor	: 2
vendor_id	: GenuineIntel
cpu family	: 6
model		: 37
model name	: Intel(R) Core(TM) i3 CPU       M 380  @ 2.53GHz
stepping	: 5
microcode	: 0x4
cpu MHz		: 2533.000
cache size	: 3072 KB
physical id	: 0
siblings	: 4
core id		: 2
cpu cores	: 2
apicid		: 4
initial apicid	: 4
fpu		: yes
fpu_exception	: yes
cpuid level	: 11
wp		: yes
flags		: fpu vme de pse tsc msr pae mce cx8 apic sep mtrr pge mca cmov pat pse36 clflush dts acpi mmx fxsr sse sse2 ss ht tm pbe syscall nx rdtscp lm constant_tsc arch_perfmon pebs bts rep_good nopl xtopology nonstop_tsc aperfmperf pni dtes64 monitor ds_cpl vmx est tm2 ssse3 cx16 xtpr pdcm pcid sse4_1 sse4_2 popcnt lahf_lm tpr_shadow vnmi flexpriority ept vpid dtherm arat
bugs		:
bogomips	: 5066.91
clflush size	: 64
cache_alignment	: 64
address sizes	: 36 bits physical, 48 bits virtual
power management:

processor	: 3
vendor_id	: GenuineIntel
cpu family	: 6
model		: 37
model name	: Intel(R) Core(TM) i3 CPU       M 380  @ 2.53GHz
stepping	: 5
microcode	: 0x4
cpu MHz		: 2266.000
cache size	: 3072 KB
physical id	: 0
siblings	: 4
core id		: 2
cpu cores	: 2
apicid		: 5
initial apicid	: 5
fpu		: yes
fpu_exception	: yes
cpuid level	: 11
wp		: yes
flags		: fpu vme de pse tsc msr pae mce cx8 apic sep mtrr pge mca cmov pat pse36 clflush dts acpi mmx fxsr sse sse2 ss ht tm pbe syscall nx rdtscp lm constant_tsc arch_perfmon pebs bts rep_good nopl xtopology nonstop_tsc aperfmperf pni dtes64 monitor ds_cpl vmx est tm2 ssse3 cx16 xtpr pdcm pcid sse4_1 sse4_2 popcnt lahf_lm tpr_shadow vnmi flexpriority ept vpid dtherm arat
bugs		:
bogomips	: 5066.91
clflush size	: 64
cache_alignment	: 64
address sizes	: 36 bits physical, 48 bits virtual
power management:



Memory: 4k page, physical 7968104k(102460k free), swap 8179708k(0k free)

vm_info: Java HotSpot(TM) 64-Bit Server VM (25.101-b13) for linux-amd64 JRE (1.8.0_101-b13), built on Jun 22 2016 02:59:44 by "java_re" with gcc 4.3.0 20080428 (Red Hat 4.3.0-8)

time: Mon Aug  1 23:01:27 2016
elapsed time: 93 seconds (0d 0h 1m 33s)

