#
# There is insufficient memory for the Java Runtime Environment to continue.
# Native memory allocation (mmap) failed to map 147849216 bytes for committing reserved memory.
# Possible reasons:
#   The system is out of physical RAM or swap space
#   In 32 bit mode, the process size limit was hit
# Possible solutions:
#   Reduce memory load on the system
#   Increase physical memory or swap space
#   Check if swap backing store is full
#   Use 64 bit Java on a 64 bit OS
#   Decrease Java heap size (-Xmx/-Xms)
#   Decrease number of Java threads
#   Decrease Java thread stack sizes (-Xss)
#   Set larger code cache with -XX:ReservedCodeCacheSize=
# This output file may be truncated or incomplete.
#
#  Out of Memory Error (os_linux.cpp:2627), pid=11772, tid=0x00007f324cdb6700
#
# JRE version: Java(TM) SE Runtime Environment (8.0_101-b13) (build 1.8.0_101-b13)
# Java VM: Java HotSpot(TM) 64-Bit Server VM (25.101-b13 mixed mode linux-amd64 compressed oops)
# Failed to write core dump. Core dumps have been disabled. To enable core dumping, try "ulimit -c unlimited" before starting Java again
#

---------------  T H R E A D  ---------------

Current thread (0x00007f3260078000):  VMThread [stack: 0x00007f324ccb6000,0x00007f324cdb7000] [id=11781]

Stack: [0x00007f324ccb6000,0x00007f324cdb7000],  sp=0x00007f324cdb53a0,  free space=1020k
Native frames: (J=compiled Java code, j=interpreted, Vv=VM code, C=native code)
V  [libjvm.so+0xac3f0a]  VMError::report_and_die()+0x2ba
V  [libjvm.so+0x4fbf9b]  report_vm_out_of_memory(char const*, int, unsigned long, VMErrorType, char const*)+0x8b
V  [libjvm.so+0x9222d3]  os::Linux::commit_memory_impl(char*, unsigned long, bool)+0x103
V  [libjvm.so+0x922829]  os::pd_commit_memory(char*, unsigned long, unsigned long, bool)+0x29
V  [libjvm.so+0x91cb2a]  os::commit_memory(char*, unsigned long, unsigned long, bool)+0x2a
V  [libjvm.so+0x991053]  PSVirtualSpace::expand_by(unsigned long)+0x53
V  [libjvm.so+0x981920]  PSOldGen::expand(unsigned long)+0x170
V  [libjvm.so+0x981b2b]  PSOldGen::resize(unsigned long)+0x1cb
V  [libjvm.so+0x989821]  PSParallelCompact::invoke_no_policy(bool)+0x991
V  [libjvm.so+0x98f17d]  PSScavenge::invoke()+0x1ad
V  [libjvm.so+0x945fc0]  ParallelScavengeHeap::failed_mem_allocate(unsigned long)+0x70
V  [libjvm.so+0xac5927]  VM_ParallelGCFailedAllocation::doit()+0x97
V  [libjvm.so+0xacd405]  VM_Operation::evaluate()+0x55
V  [libjvm.so+0xacb7da]  VMThread::evaluate_operation(VM_Operation*)+0xba
V  [libjvm.so+0xacbb5e]  VMThread::loop()+0x1ce
V  [libjvm.so+0xacbfd0]  VMThread::run()+0x70
V  [libjvm.so+0x924698]  java_start(Thread*)+0x108

VM_Operation (0x00007f322f9f7d70): ParallelGCFailedAllocation, mode: safepoint, requested by thread 0x00007f3260141000


---------------  P R O C E S S  ---------------

Java Threads: ( => current thread )
  0x00007f326014d000 JavaThread "pool-2-thread-4" [_thread_blocked, id=11815, stack(0x00007f322f4f5000,0x00007f322f5f6000)]
  0x00007f326014b800 JavaThread "pool-2-thread-3" [_thread_blocked, id=11814, stack(0x00007f322f5f6000,0x00007f322f6f7000)]
  0x00007f3260148000 JavaThread "pool-2-thread-2" [_thread_blocked, id=11813, stack(0x00007f322f6f7000,0x00007f322f7f8000)]
  0x00007f3260142800 JavaThread "pool-3-thread-1" [_thread_blocked, id=11811, stack(0x00007f322f7f8000,0x00007f322f8f9000)]
  0x00007f3260141000 JavaThread "pool-2-thread-1" [_thread_blocked, id=11810, stack(0x00007f322f8f9000,0x00007f322f9fa000)]
  0x00007f32600c0000 JavaThread "Service Thread" daemon [_thread_blocked, id=11789, stack(0x00007f322fafb000,0x00007f322fbfc000)]
  0x00007f32600bd000 JavaThread "C1 CompilerThread2" daemon [_thread_blocked, id=11788, stack(0x00007f322fbfc000,0x00007f322fcfd000)]
  0x00007f32600bb000 JavaThread "C2 CompilerThread1" daemon [_thread_blocked, id=11787, stack(0x00007f322fcfd000,0x00007f322fdfe000)]
  0x00007f32600b8800 JavaThread "C2 CompilerThread0" daemon [_thread_blocked, id=11786, stack(0x00007f322fdfe000,0x00007f322feff000)]
  0x00007f32600b7000 JavaThread "Signal Dispatcher" daemon [_thread_blocked, id=11785, stack(0x00007f322feff000,0x00007f3230000000)]
  0x00007f3260084000 JavaThread "Finalizer" daemon [_thread_blocked, id=11783, stack(0x00007f324cab4000,0x00007f324cbb5000)]
  0x00007f326007f800 JavaThread "Reference Handler" daemon [_thread_blocked, id=11782, stack(0x00007f324cbb5000,0x00007f324ccb6000)]
  0x00007f326000a000 JavaThread "main" [_thread_blocked, id=11774, stack(0x00007f326736e000,0x00007f326746f000)]

Other Threads:
=>0x00007f3260078000 VMThread [stack: 0x00007f324ccb6000,0x00007f324cdb7000] [id=11781]
  0x00007f32600c2800 WatcherThread [stack: 0x00007f322f9fa000,0x00007f322fafb000] [id=11790]

VM state:at safepoint (normal execution)

VM Mutex/Monitor currently owned by a thread:  ([mutex/lock_event])
[0x00007f3260005ef0] ExpandHeap_lock - owner thread: 0x00007f3260078000
[0x00007f3260006570] Threads_lock - owner thread: 0x00007f3260078000
[0x00007f3260006a70] Heap_lock - owner thread: 0x00007f3260141000

Heap:
 PSYoungGen      total 232960K, used 0K [0x00000000eab00000, 0x0000000100000000, 0x0000000100000000)
  eden space 116736K, 0% used [0x00000000eab00000,0x00000000eab00000,0x00000000f1d00000)
  from space 116224K, 0% used [0x00000000f1d00000,0x00000000f1d00000,0x00000000f8e80000)
  to   space 116224K, 0% used [0x00000000f8e80000,0x00000000f8e80000,0x0000000100000000)
 ParOldGen       total 231936K, used 193543K [0x00000000c0000000, 0x00000000ce280000, 0x00000000eab00000)
  object space 231936K, 83% used [0x00000000c0000000,0x00000000cbd01d38,0x00000000ce280000)
 Metaspace       used 6334K, capacity 7192K, committed 7424K, reserved 1056768K
  class space    used 610K, capacity 656K, committed 768K, reserved 1048576K

Card table byte_map: [0x00007f3250dff000,0x00007f3251000000] byte_map_base: 0x00007f32507ff000

Marking Bits: (ParMarkBitMap*) 0x00007f326684a120
 Begin Bits: [0x00007f324e9a6000, 0x00007f324f9a6000)
 End Bits:   [0x00007f324f9a6000, 0x00007f32509a6000)

Polling page: 0x00007f3267499000

CodeCache: size=245760Kb used=8038Kb max_used=8038Kb free=237721Kb
 bounds [0x00007f3251000000, 0x00007f32517e0000, 0x00007f3260000000]
 total_blobs=2191 nmethods=1925 adapters=181
 compilation: enabled

Compilation events (10 events):
Event: 29.557 Thread 0x00007f32600bd000 2333       2       com.android.dx.dex.file.ClassDefItem::<init> (110 bytes)
Event: 29.558 Thread 0x00007f32600bd000 nmethod 2333 0x00007f32517d3d10 code [0x00007f32517d3ee0, 0x00007f32517d4508]
Event: 29.558 Thread 0x00007f32600bd000 2334   !   2       com.android.dx.dex.cf.AttributeTranslator::getClassAnnotations (135 bytes)
Event: 29.562 Thread 0x00007f32600bd000 nmethod 2334 0x00007f32517d2150 code [0x00007f32517d2400, 0x00007f32517d3148]
Event: 29.562 Thread 0x00007f32600bd000 2335   !   2       com.android.dx.dex.cf.CfTranslator::processFields (251 bytes)
Event: 29.567 Thread 0x00007f32600bd000 nmethod 2335 0x00007f32517d5710 code [0x00007f32517d5a60, 0x00007f32517d6788]
Event: 29.572 Thread 0x00007f32600bd000 2337       3       com.android.dx.rop.cst.CstString::stringToUtf8Bytes (175 bytes)
Event: 29.573 Thread 0x00007f32600bd000 nmethod 2337 0x00007f32517d7f90 code [0x00007f32517d8160, 0x00007f32517d89d8]
Event: 29.573 Thread 0x00007f32600bd000 2336   !   2       com.android.dx.dex.cf.CfTranslator::processMethods (583 bytes)
Event: 29.666 Thread 0x00007f32600bd000 nmethod 2336 0x00007f32517d8dd0 code [0x00007f32517d92a0, 0x00007f32517da998]

GC Heap History (10 events):
Event: 22.485 GC heap after
Heap after GC invocations=9 (full 1):
 PSYoungGen      total 212992K, used 96242K [0x00000000eab00000, 0x0000000100000000, 0x0000000100000000)
  eden space 116736K, 0% used [0x00000000eab00000,0x00000000eab00000,0x00000000f1d00000)
  from space 96256K, 99% used [0x00000000fa200000,0x00000000ffffcbe8,0x0000000100000000)
  to   space 116224K, 0% used [0x00000000f1d00000,0x00000000f1d00000,0x00000000f8e80000)
 ParOldGen       total 226816K, used 146980K [0x00000000c0000000, 0x00000000cdd80000, 0x00000000eab00000)
  object space 226816K, 64% used [0x00000000c0000000,0x00000000c8f89340,0x00000000cdd80000)
 Metaspace       used 6095K, capacity 7000K, committed 7168K, reserved 1056768K
  class space    used 610K, capacity 656K, committed 768K, reserved 1048576K
}
Event: 25.352 GC heap before
{Heap before GC invocations=10 (full 1):
 PSYoungGen      total 212992K, used 212978K [0x00000000eab00000, 0x0000000100000000, 0x0000000100000000)
  eden space 116736K, 100% used [0x00000000eab00000,0x00000000f1d00000,0x00000000f1d00000)
  from space 96256K, 99% used [0x00000000fa200000,0x00000000ffffcbe8,0x0000000100000000)
  to   space 116224K, 0% used [0x00000000f1d00000,0x00000000f1d00000,0x00000000f8e80000)
 ParOldGen       total 226816K, used 146980K [0x00000000c0000000, 0x00000000cdd80000, 0x00000000eab00000)
  object space 226816K, 64% used [0x00000000c0000000,0x00000000c8f89340,0x00000000cdd80000)
 Metaspace       used 6283K, capacity 7128K, committed 7424K, reserved 1056768K
  class space    used 610K, capacity 656K, committed 768K, reserved 1048576K
Event: 26.261 GC heap after
Heap after GC invocations=10 (full 1):
 PSYoungGen      total 232960K, used 88128K [0x00000000eab00000, 0x0000000100000000, 0x0000000100000000)
  eden space 116736K, 0% used [0x00000000eab00000,0x00000000eab00000,0x00000000f1d00000)
  from space 116224K, 75% used [0x00000000f1d00000,0x00000000f7310060,0x00000000f8e80000)
  to   space 116224K, 0% used [0x00000000f8e80000,0x00000000f8e80000,0x0000000100000000)
 ParOldGen       total 226816K, used 211892K [0x00000000c0000000, 0x00000000cdd80000, 0x00000000eab00000)
  object space 226816K, 93% used [0x00000000c0000000,0x00000000cceed340,0x00000000cdd80000)
 Metaspace       used 6283K, capacity 7128K, committed 7424K, reserved 1056768K
  class space    used 610K, capacity 656K, committed 768K, reserved 1048576K
}
Event: 26.261 GC heap before
{Heap before GC invocations=11 (full 2):
 PSYoungGen      total 232960K, used 88128K [0x00000000eab00000, 0x0000000100000000, 0x0000000100000000)
  eden space 116736K, 0% used [0x00000000eab00000,0x00000000eab00000,0x00000000f1d00000)
  from space 116224K, 75% used [0x00000000f1d00000,0x00000000f7310060,0x00000000f8e80000)
  to   space 116224K, 0% used [0x00000000f8e80000,0x00000000f8e80000,0x0000000100000000)
 ParOldGen       total 226816K, used 211892K [0x00000000c0000000, 0x00000000cdd80000, 0x00000000eab00000)
  object space 226816K, 93% used [0x00000000c0000000,0x00000000cceed340,0x00000000cdd80000)
 Metaspace       used 6283K, capacity 7128K, committed 7424K, reserved 1056768K
  class space    used 610K, capacity 656K, committed 768K, reserved 1048576K
Event: 28.210 GC heap after
Heap after GC invocations=11 (full 2):
 PSYoungGen      total 232960K, used 0K [0x00000000eab00000, 0x0000000100000000, 0x0000000100000000)
  eden space 116736K, 0% used [0x00000000eab00000,0x00000000eab00000,0x00000000f1d00000)
  from space 116224K, 0% used [0x00000000f1d00000,0x00000000f1d00000,0x00000000f8e80000)
  to   space 116224K, 0% used [0x00000000f8e80000,0x00000000f8e80000,0x0000000100000000)
 ParOldGen       total 231936K, used 88181K [0x00000000c0000000, 0x00000000ce280000, 0x00000000eab00000)
  object space 231936K, 38% used [0x00000000c0000000,0x00000000c561d798,0x00000000ce280000)
 Metaspace       used 6283K, capacity 7128K, committed 7424K, reserved 1056768K
  class space    used 610K, capacity 656K, committed 768K, reserved 1048576K
}
Event: 28.888 GC heap before
{Heap before GC invocations=12 (full 2):
 PSYoungGen      total 232960K, used 116736K [0x00000000eab00000, 0x0000000100000000, 0x0000000100000000)
  eden space 116736K, 100% used [0x00000000eab00000,0x00000000f1d00000,0x00000000f1d00000)
  from space 116224K, 0% used [0x00000000f1d00000,0x00000000f1d00000,0x00000000f8e80000)
  to   space 116224K, 0% used [0x00000000f8e80000,0x00000000f8e80000,0x0000000100000000)
 ParOldGen       total 231936K, used 88181K [0x00000000c0000000, 0x00000000ce280000, 0x00000000eab00000)
  object space 231936K, 38% used [0x00000000c0000000,0x00000000c561d798,0x00000000ce280000)
 Metaspace       used 6307K, capacity 7192K, committed 7424K, reserved 1056768K
  class space    used 610K, capacity 656K, committed 768K, reserved 1048576K
Event: 28.997 GC heap after
Heap after GC invocations=12 (full 2):
 PSYoungGen      total 232960K, used 66203K [0x00000000eab00000, 0x0000000100000000, 0x0000000100000000)
  eden space 116736K, 0% used [0x00000000eab00000,0x00000000eab00000,0x00000000f1d00000)
  from space 116224K, 56% used [0x00000000f8e80000,0x00000000fcf26e70,0x0000000100000000)
  to   space 116224K, 0% used [0x00000000f1d00000,0x00000000f1d00000,0x00000000f8e80000)
 ParOldGen       total 231936K, used 88189K [0x00000000c0000000, 0x00000000ce280000, 0x00000000eab00000)
  object space 231936K, 38% used [0x00000000c0000000,0x00000000c561f798,0x00000000ce280000)
 Metaspace       used 6307K, capacity 7192K, committed 7424K, reserved 1056768K
  class space    used 610K, capacity 656K, committed 768K, reserved 1048576K
}
Event: 29.734 GC heap before
{Heap before GC invocations=13 (full 2):
 PSYoungGen      total 232960K, used 182939K [0x00000000eab00000, 0x0000000100000000, 0x0000000100000000)
  eden space 116736K, 100% used [0x00000000eab00000,0x00000000f1d00000,0x00000000f1d00000)
  from space 116224K, 56% used [0x00000000f8e80000,0x00000000fcf26e70,0x0000000100000000)
  to   space 116224K, 0% used [0x00000000f1d00000,0x00000000f1d00000,0x00000000f8e80000)
 ParOldGen       total 231936K, used 88189K [0x00000000c0000000, 0x00000000ce280000, 0x00000000eab00000)
  object space 231936K, 38% used [0x00000000c0000000,0x00000000c561f798,0x00000000ce280000)
 Metaspace       used 6334K, capacity 7192K, committed 7424K, reserved 1056768K
  class space    used 610K, capacity 656K, committed 768K, reserved 1048576K
Event: 29.937 GC heap after
Heap after GC invocations=13 (full 2):
 PSYoungGen      total 232960K, used 50029K [0x00000000eab00000, 0x0000000100000000, 0x0000000100000000)
  eden space 116736K, 0% used [0x00000000eab00000,0x00000000eab00000,0x00000000f1d00000)
  from space 116224K, 43% used [0x00000000f1d00000,0x00000000f4ddb570,0x00000000f8e80000)
  to   space 116224K, 0% used [0x00000000f8e80000,0x00000000f8e80000,0x0000000100000000)
 ParOldGen       total 231936K, used 153539K [0x00000000c0000000, 0x00000000ce280000, 0x00000000eab00000)
  object space 231936K, 66% used [0x00000000c0000000,0x00000000c95f0e08,0x00000000ce280000)
 Metaspace       used 6334K, capacity 7192K, committed 7424K, reserved 1056768K
  class space    used 610K, capacity 656K, committed 768K, reserved 1048576K
}
Event: 29.937 GC heap before
{Heap before GC invocations=14 (full 3):
 PSYoungGen      total 232960K, used 50029K [0x00000000eab00000, 0x0000000100000000, 0x0000000100000000)
  eden space 116736K, 0% used [0x00000000eab00000,0x00000000eab00000,0x00000000f1d00000)
  from space 116224K, 43% used [0x00000000f1d00000,0x00000000f4ddb570,0x00000000f8e80000)
  to   space 116224K, 0% used [0x00000000f8e80000,0x00000000f8e80000,0x0000000100000000)
 ParOldGen       total 231936K, used 153539K [0x00000000c0000000, 0x00000000ce280000, 0x00000000eab00000)
  object space 231936K, 66% used [0x00000000c0000000,0x00000000c95f0e08,0x00000000ce280000)
 Metaspace       used 6334K, capacity 7192K, committed 7424K, reserved 1056768K
  class space    used 610K, capacity 656K, committed 768K, reserved 1048576K

Deoptimization events (10 events):
Event: 23.361 Thread 0x00007f326000a000 Uncommon trap: reason=bimorphic action=maybe_recompile pc=0x00007f325152fd70 method=com.android.dx.ssa.SCCP.setLatticeValueTo(IILcom/android/dx/rop/cst/Constant;)Z @ 43
Event: 23.361 Thread 0x00007f326000a000 Uncommon trap: reason=bimorphic action=maybe_recompile pc=0x00007f325152fd70 method=com.android.dx.ssa.SCCP.setLatticeValueTo(IILcom/android/dx/rop/cst/Constant;)Z @ 43
Event: 23.361 Thread 0x00007f326000a000 Uncommon trap: reason=bimorphic action=maybe_recompile pc=0x00007f325152fd70 method=com.android.dx.ssa.SCCP.setLatticeValueTo(IILcom/android/dx/rop/cst/Constant;)Z @ 43
Event: 23.515 Thread 0x00007f326000a000 Uncommon trap: reason=unstable_if action=reinterpret pc=0x00007f32515dc664 method=com.android.dx.cf.code.RopperMachine.jopToRopOpcode(ILcom/android/dx/rop/cst/Constant;)I @ 1044
Event: 23.614 Thread 0x00007f326000a000 Uncommon trap: reason=bimorphic action=maybe_recompile pc=0x00007f3251554c54 method=com.android.dx.cf.code.BytecodeArray.parseInstruction(ILcom/android/dx/cf/code/BytecodeArray$Visitor;)I @ 1357
Event: 23.615 Thread 0x00007f326000a000 Uncommon trap: reason=bimorphic action=maybe_recompile pc=0x00007f3251554c54 method=com.android.dx.cf.code.BytecodeArray.parseInstruction(ILcom/android/dx/cf/code/BytecodeArray$Visitor;)I @ 1357
Event: 24.344 Thread 0x00007f326000a000 Uncommon trap: reason=unstable_if action=reinterpret pc=0x00007f32515c9734 method=com.android.dx.ssa.LiteralOpUpgrader$1.visitNonMoveInsn(Lcom/android/dx/ssa/NormalSsaInsn;)V @ 55
Event: 28.560 Thread 0x00007f326000a000 Uncommon trap: reason=bimorphic action=maybe_recompile pc=0x00007f3251552938 method=com.android.dx.cf.code.BytecodeArray.parseInstruction(ILcom/android/dx/cf/code/BytecodeArray$Visitor;)I @ 1501
Event: 28.560 Thread 0x00007f326000a000 Uncommon trap: reason=bimorphic action=maybe_recompile pc=0x00007f3251552938 method=com.android.dx.cf.code.BytecodeArray.parseInstruction(ILcom/android/dx/cf/code/BytecodeArray$Visitor;)I @ 1501
Event: 28.596 Thread 0x00007f326000a000 Uncommon trap: reason=unstable_if action=reinterpret pc=0x00007f325153bf20 method=com.android.dx.ssa.SCCP.simulateStmt(Lcom/android/dx/ssa/SsaInsn;)V @ 59

Internal exceptions (5 events):
Event: 0.169 Thread 0x00007f326000a000 Exception <a 'java/lang/NoSuchMethodError': Method sun.misc.Unsafe.defineClass(Ljava/lang/String;[BII)Ljava/lang/Class; name or signature does not match> (0x00000000eab07cc0) thrown at [/HUDSON3/workspace/8-2-build-linux-amd64/jdk8u101/7261/hotspot/src/sh
Event: 0.169 Thread 0x00007f326000a000 Exception <a 'java/lang/NoSuchMethodError': Method sun.misc.Unsafe.prefetchRead(Ljava/lang/Object;J)V name or signature does not match> (0x00000000eab07fa8) thrown at [/HUDSON3/workspace/8-2-build-linux-amd64/jdk8u101/7261/hotspot/src/share/vm/prims/jni.c
Event: 5.311 Thread 0x00007f326014d000 Exception <a 'java/lang/ArrayIndexOutOfBoundsException': 18> (0x00000000ed445498) thrown at [/HUDSON3/workspace/8-2-build-linux-amd64/jdk8u101/7261/hotspot/src/share/vm/interpreter/interpreterRuntime.cpp, line 366]
Event: 5.312 Thread 0x00007f326014d000 Exception <a 'java/lang/ArrayIndexOutOfBoundsException': 145> (0x00000000ed447018) thrown at [/HUDSON3/workspace/8-2-build-linux-amd64/jdk8u101/7261/hotspot/src/share/vm/interpreter/interpreterRuntime.cpp, line 366]
Event: 5.313 Thread 0x00007f326014d000 Exception <a 'java/lang/ArrayIndexOutOfBoundsException': 40> (0x00000000ed448300) thrown at [/HUDSON3/workspace/8-2-build-linux-amd64/jdk8u101/7261/hotspot/src/share/vm/interpreter/interpreterRuntime.cpp, line 366]

Events (10 events):
Event: 29.693 Thread 0x00007f3260141000 DEOPT UNPACKING pc=0x00007f3251047233 sp=0x00007f322f9f7ce8 mode 0
Event: 29.694 Thread 0x00007f3260141000 DEOPT PACKING pc=0x00007f32512d9a19 sp=0x00007f322f9f7fb0
Event: 29.694 Thread 0x00007f3260141000 DEOPT UNPACKING pc=0x00007f3251047233 sp=0x00007f322f9f7ce8 mode 0
Event: 29.695 Thread 0x00007f3260141000 DEOPT PACKING pc=0x00007f32512d9a19 sp=0x00007f322f9f7fb0
Event: 29.695 Thread 0x00007f3260141000 DEOPT UNPACKING pc=0x00007f3251047233 sp=0x00007f322f9f7ce8 mode 0
Event: 29.696 Thread 0x00007f3260141000 DEOPT PACKING pc=0x00007f32512d9a19 sp=0x00007f322f9f7fb0
Event: 29.696 Thread 0x00007f3260141000 DEOPT UNPACKING pc=0x00007f3251047233 sp=0x00007f322f9f7ce8 mode 0
Event: 29.697 Thread 0x00007f3260141000 DEOPT PACKING pc=0x00007f32512d9a19 sp=0x00007f322f9f7fb0
Event: 29.697 Thread 0x00007f3260141000 DEOPT UNPACKING pc=0x00007f3251047233 sp=0x00007f322f9f7ce8 mode 0
Event: 29.697 Executing VM operation: ParallelGCFailedAllocation


Dynamic libraries:
00400000-00401000 r-xp 00000000 08:01 1322254                            /usr/lib/jvm/java-8-oracle/bin/java
00600000-00601000 rw-p 00000000 08:01 1322254                            /usr/lib/jvm/java-8-oracle/bin/java
0228d000-022ae000 rw-p 00000000 00:00 0                                  [heap]
c0000000-ce280000 rw-p 00000000 00:00 0 
d6f80000-eab00000 ---p 00000000 00:00 0 
eab00000-100000000 rw-p 00000000 00:00 0 
100000000-1000c0000 rw-p 00000000 00:00 0 
1000c0000-140000000 ---p 00000000 00:00 0 
7f3200000000-7f320009e000 rw-p 00000000 00:00 0 
7f320009e000-7f3204000000 ---p 00000000 00:00 0 
7f3204000000-7f32040db000 rw-p 00000000 00:00 0 
7f32040db000-7f3208000000 ---p 00000000 00:00 0 
7f3208000000-7f3208021000 rw-p 00000000 00:00 0 
7f3208021000-7f320c000000 ---p 00000000 00:00 0 
7f320c000000-7f320c0c9000 rw-p 00000000 00:00 0 
7f320c0c9000-7f3210000000 ---p 00000000 00:00 0 
7f3210000000-7f3210021000 rw-p 00000000 00:00 0 
7f3210021000-7f3214000000 ---p 00000000 00:00 0 
7f3214000000-7f32140b9000 rw-p 00000000 00:00 0 
7f32140b9000-7f3218000000 ---p 00000000 00:00 0 
7f3218000000-7f321893f000 rw-p 00000000 00:00 0 
7f321893f000-7f321c000000 ---p 00000000 00:00 0 
7f321c000000-7f321c021000 rw-p 00000000 00:00 0 
7f321c021000-7f3220000000 ---p 00000000 00:00 0 
7f3220000000-7f3220fb5000 rw-p 00000000 00:00 0 
7f3220fb5000-7f3224000000 ---p 00000000 00:00 0 
7f3224000000-7f3224aa8000 rw-p 00000000 00:00 0 
7f3224aa8000-7f3228000000 ---p 00000000 00:00 0 
7f3228000000-7f3228021000 rw-p 00000000 00:00 0 
7f3228021000-7f322c000000 ---p 00000000 00:00 0 
7f322f4f5000-7f322f4f8000 ---p 00000000 00:00 0 
7f322f4f8000-7f322f5f6000 rw-p 00000000 00:00 0 
7f322f5f6000-7f322f5f9000 ---p 00000000 00:00 0 
7f322f5f9000-7f322f6f7000 rw-p 00000000 00:00 0 
7f322f6f7000-7f322f6fa000 ---p 00000000 00:00 0 
7f322f6fa000-7f322f7f8000 rw-p 00000000 00:00 0 
7f322f7f8000-7f322f7fb000 ---p 00000000 00:00 0 
7f322f7fb000-7f322f8f9000 rw-p 00000000 00:00 0 
7f322f8f9000-7f322f8fc000 ---p 00000000 00:00 0 
7f322f8fc000-7f322f9fa000 rw-p 00000000 00:00 0 
7f322f9fa000-7f322f9fb000 ---p 00000000 00:00 0 
7f322f9fb000-7f322fafb000 rw-p 00000000 00:00 0 
7f322fafb000-7f322fafe000 ---p 00000000 00:00 0 
7f322fafe000-7f322fbfc000 rw-p 00000000 00:00 0 
7f322fbfc000-7f322fbff000 ---p 00000000 00:00 0 
7f322fbff000-7f322fcfd000 rw-p 00000000 00:00 0 
7f322fcfd000-7f322fd00000 ---p 00000000 00:00 0 
7f322fd00000-7f322fdfe000 rw-p 00000000 00:00 0 
7f322fdfe000-7f322fe01000 ---p 00000000 00:00 0 
7f322fe01000-7f322feff000 rw-p 00000000 00:00 0 
7f322feff000-7f322ff02000 ---p 00000000 00:00 0 
7f322ff02000-7f3230000000 rw-p 00000000 00:00 0 
7f3230000000-7f3230021000 rw-p 00000000 00:00 0 
7f3230021000-7f3234000000 ---p 00000000 00:00 0 
7f3234000000-7f3234021000 rw-p 00000000 00:00 0 
7f3234021000-7f3238000000 ---p 00000000 00:00 0 
7f3238000000-7f3238021000 rw-p 00000000 00:00 0 
7f3238021000-7f323c000000 ---p 00000000 00:00 0 
7f323c000000-7f323c2a2000 rw-p 00000000 00:00 0 
7f323c2a2000-7f3240000000 ---p 00000000 00:00 0 
7f3240000000-7f3240021000 rw-p 00000000 00:00 0 
7f3240021000-7f3244000000 ---p 00000000 00:00 0 
7f3244000000-7f3244021000 rw-p 00000000 00:00 0 
7f3244021000-7f3248000000 ---p 00000000 00:00 0 
7f3248000000-7f3248021000 rw-p 00000000 00:00 0 
7f3248021000-7f324c000000 ---p 00000000 00:00 0 
7f324c0b1000-7f324c0d6000 r--p 00000000 08:01 2363733                    /usr/share/locale-langpack/es/LC_MESSAGES/libc.mo
7f324c0d6000-7f324c0e7000 r--s 000bf000 08:01 7093673                    /home/armando/Dev/github/mi-libreta-firebase/app/build/intermediates/exploded-aar/com.google.android.gms/play-services-ads/9.0.2/jars/classes.jar
7f324c0e7000-7f324c0f5000 r--s 000e0000 08:01 1862219                    /home/armando/Android/Sdk/build-tools/24.0.0/lib/dx.jar
7f324c0f5000-7f324cab4000 r--p 00000000 08:01 1318185                    /usr/lib/locale/locale-archive
7f324cab4000-7f324cab7000 ---p 00000000 00:00 0 
7f324cab7000-7f324cbb5000 rw-p 00000000 00:00 0 
7f324cbb5000-7f324cbb8000 ---p 00000000 00:00 0 
7f324cbb8000-7f324ccb6000 rw-p 00000000 00:00 0 
7f324ccb6000-7f324ccb7000 ---p 00000000 00:00 0 
7f324ccb7000-7f324dd57000 rw-p 00000000 00:00 0 
7f324dd57000-7f324df30000 r--s 03d29000 08:01 1322281                    /usr/lib/jvm/java-8-oracle/jre/lib/rt.jar
7f324df30000-7f324e626000 rw-p 00000000 00:00 0 
7f324e626000-7f324e7a6000 ---p 00000000 00:00 0 
7f324e7a6000-7f32509a6000 rw-p 00000000 00:00 0 
7f32509a6000-7f32509a7000 ---p 00000000 00:00 0 
7f32509a7000-7f3250aa7000 rw-p 00000000 00:00 0 
7f3250aa7000-7f3250aa8000 ---p 00000000 00:00 0 
7f3250aa8000-7f3250ba8000 rw-p 00000000 00:00 0 
7f3250ba8000-7f3250ba9000 ---p 00000000 00:00 0 
7f3250ba9000-7f3250d1b000 rw-p 00000000 00:00 0 
7f3250d1b000-7f3250dff000 ---p 00000000 00:00 0 
7f3250dff000-7f3250e71000 rw-p 00000000 00:00 0 
7f3250e71000-7f3250f54000 ---p 00000000 00:00 0 
7f3250f54000-7f3250fff000 rw-p 00000000 00:00 0 
7f3250fff000-7f3251000000 rw-p 00000000 00:00 0 
7f3251000000-7f32517e0000 rwxp 00000000 00:00 0 
7f32517e0000-7f3260000000 ---p 00000000 00:00 0 
7f3260000000-7f3260391000 rw-p 00000000 00:00 0 
7f3260391000-7f3264000000 ---p 00000000 00:00 0 
7f3264000000-7f3264021000 rw-p 00000000 00:00 0 
7f3264021000-7f3264022000 ---p 00000000 00:00 0 
7f3264022000-7f3264142000 rw-p 00000000 00:00 0 
7f3264142000-7f32644e2000 ---p 00000000 00:00 0 
7f32644e2000-7f32644fc000 r-xp 00000000 08:01 1322358                    /usr/lib/jvm/java-8-oracle/jre/lib/amd64/libzip.so
7f32644fc000-7f32646fc000 ---p 0001a000 08:01 1322358                    /usr/lib/jvm/java-8-oracle/jre/lib/amd64/libzip.so
7f32646fc000-7f32646fd000 rw-p 0001a000 08:01 1322358                    /usr/lib/jvm/java-8-oracle/jre/lib/amd64/libzip.so
7f32646fd000-7f3264708000 r-xp 00000000 08:01 6820467                    /lib/x86_64-linux-gnu/libnss_files-2.23.so
7f3264708000-7f3264907000 ---p 0000b000 08:01 6820467                    /lib/x86_64-linux-gnu/libnss_files-2.23.so
7f3264907000-7f3264908000 r--p 0000a000 08:01 6820467                    /lib/x86_64-linux-gnu/libnss_files-2.23.so
7f3264908000-7f3264909000 rw-p 0000b000 08:01 6820467                    /lib/x86_64-linux-gnu/libnss_files-2.23.so
7f3264909000-7f326490f000 rw-p 00000000 00:00 0 
7f326490f000-7f326491a000 r-xp 00000000 08:01 6820477                    /lib/x86_64-linux-gnu/libnss_nis-2.23.so
7f326491a000-7f3264b19000 ---p 0000b000 08:01 6820477                    /lib/x86_64-linux-gnu/libnss_nis-2.23.so
7f3264b19000-7f3264b1a000 r--p 0000a000 08:01 6820477                    /lib/x86_64-linux-gnu/libnss_nis-2.23.so
7f3264b1a000-7f3264b1b000 rw-p 0000b000 08:01 6820477                    /lib/x86_64-linux-gnu/libnss_nis-2.23.so
7f3264b1b000-7f3264b31000 r-xp 00000000 08:01 6820461                    /lib/x86_64-linux-gnu/libnsl-2.23.so
7f3264b31000-7f3264d30000 ---p 00016000 08:01 6820461                    /lib/x86_64-linux-gnu/libnsl-2.23.so
7f3264d30000-7f3264d31000 r--p 00015000 08:01 6820461                    /lib/x86_64-linux-gnu/libnsl-2.23.so
7f3264d31000-7f3264d32000 rw-p 00016000 08:01 6820461                    /lib/x86_64-linux-gnu/libnsl-2.23.so
7f3264d32000-7f3264d34000 rw-p 00000000 00:00 0 
7f3264d34000-7f3264d3c000 r-xp 00000000 08:01 6820463                    /lib/x86_64-linux-gnu/libnss_compat-2.23.so
7f3264d3c000-7f3264f3b000 ---p 00008000 08:01 6820463                    /lib/x86_64-linux-gnu/libnss_compat-2.23.so
7f3264f3b000-7f3264f3c000 r--p 00007000 08:01 6820463                    /lib/x86_64-linux-gnu/libnss_compat-2.23.so
7f3264f3c000-7f3264f3d000 rw-p 00008000 08:01 6820463                    /lib/x86_64-linux-gnu/libnss_compat-2.23.so
7f3264f3d000-7f3264f67000 r-xp 00000000 08:01 1322382                    /usr/lib/jvm/java-8-oracle/jre/lib/amd64/libjava.so
7f3264f67000-7f3265167000 ---p 0002a000 08:01 1322382                    /usr/lib/jvm/java-8-oracle/jre/lib/amd64/libjava.so
7f3265167000-7f3265169000 rw-p 0002a000 08:01 1322382                    /usr/lib/jvm/java-8-oracle/jre/lib/amd64/libjava.so
7f3265169000-7f3265176000 r-xp 00000000 08:01 1322338                    /usr/lib/jvm/java-8-oracle/jre/lib/amd64/libverify.so
7f3265176000-7f3265376000 ---p 0000d000 08:01 1322338                    /usr/lib/jvm/java-8-oracle/jre/lib/amd64/libverify.so
7f3265376000-7f3265378000 rw-p 0000d000 08:01 1322338                    /usr/lib/jvm/java-8-oracle/jre/lib/amd64/libverify.so
7f3265378000-7f326537f000 r-xp 00000000 08:01 6820522                    /lib/x86_64-linux-gnu/librt-2.23.so
7f326537f000-7f326557e000 ---p 00007000 08:01 6820522                    /lib/x86_64-linux-gnu/librt-2.23.so
7f326557e000-7f326557f000 r--p 00006000 08:01 6820522                    /lib/x86_64-linux-gnu/librt-2.23.so
7f326557f000-7f3265580000 rw-p 00007000 08:01 6820522                    /lib/x86_64-linux-gnu/librt-2.23.so
7f3265580000-7f3265688000 r-xp 00000000 08:01 6820438                    /lib/x86_64-linux-gnu/libm-2.23.so
7f3265688000-7f3265887000 ---p 00108000 08:01 6820438                    /lib/x86_64-linux-gnu/libm-2.23.so
7f3265887000-7f3265888000 r--p 00107000 08:01 6820438                    /lib/x86_64-linux-gnu/libm-2.23.so
7f3265888000-7f3265889000 rw-p 00108000 08:01 6820438                    /lib/x86_64-linux-gnu/libm-2.23.so
7f3265889000-7f3266554000 r-xp 00000000 08:01 1322392                    /usr/lib/jvm/java-8-oracle/jre/lib/amd64/server/libjvm.so
7f3266554000-7f3266753000 ---p 00ccb000 08:01 1322392                    /usr/lib/jvm/java-8-oracle/jre/lib/amd64/server/libjvm.so
7f3266753000-7f326682c000 rw-p 00cca000 08:01 1322392                    /usr/lib/jvm/java-8-oracle/jre/lib/amd64/server/libjvm.so
7f326682c000-7f3266877000 rw-p 00000000 00:00 0 
7f3266877000-7f3266a37000 r-xp 00000000 08:01 6820368                    /lib/x86_64-linux-gnu/libc-2.23.so
7f3266a37000-7f3266c36000 ---p 001c0000 08:01 6820368                    /lib/x86_64-linux-gnu/libc-2.23.so
7f3266c36000-7f3266c3a000 r--p 001bf000 08:01 6820368                    /lib/x86_64-linux-gnu/libc-2.23.so
7f3266c3a000-7f3266c3c000 rw-p 001c3000 08:01 6820368                    /lib/x86_64-linux-gnu/libc-2.23.so
7f3266c3c000-7f3266c40000 rw-p 00000000 00:00 0 
7f3266c40000-7f3266c43000 r-xp 00000000 08:01 6820392                    /lib/x86_64-linux-gnu/libdl-2.23.so
7f3266c43000-7f3266e42000 ---p 00003000 08:01 6820392                    /lib/x86_64-linux-gnu/libdl-2.23.so
7f3266e42000-7f3266e43000 r--p 00002000 08:01 6820392                    /lib/x86_64-linux-gnu/libdl-2.23.so
7f3266e43000-7f3266e44000 rw-p 00003000 08:01 6820392                    /lib/x86_64-linux-gnu/libdl-2.23.so
7f3266e44000-7f3266e59000 r-xp 00000000 08:01 1321559                    /usr/lib/jvm/java-8-oracle/lib/amd64/jli/libjli.so
7f3266e59000-7f3267059000 ---p 00015000 08:01 1321559                    /usr/lib/jvm/java-8-oracle/lib/amd64/jli/libjli.so
7f3267059000-7f326705a000 rw-p 00015000 08:01 1321559                    /usr/lib/jvm/java-8-oracle/lib/amd64/jli/libjli.so
7f326705a000-7f3267072000 r-xp 00000000 08:01 6820514                    /lib/x86_64-linux-gnu/libpthread-2.23.so
7f3267072000-7f3267271000 ---p 00018000 08:01 6820514                    /lib/x86_64-linux-gnu/libpthread-2.23.so
7f3267271000-7f3267272000 r--p 00017000 08:01 6820514                    /lib/x86_64-linux-gnu/libpthread-2.23.so
7f3267272000-7f3267273000 rw-p 00018000 08:01 6820514                    /lib/x86_64-linux-gnu/libpthread-2.23.so
7f3267273000-7f3267277000 rw-p 00000000 00:00 0 
7f3267277000-7f326729d000 r-xp 00000000 08:01 6820340                    /lib/x86_64-linux-gnu/ld-2.23.so
7f32672a9000-7f326736e000 rw-p 00000000 00:00 0 
7f326736e000-7f3267371000 ---p 00000000 00:00 0 
7f3267371000-7f3267473000 rw-p 00000000 00:00 0 
7f3267475000-7f326747c000 r--s 00000000 08:01 1575994                    /usr/lib/x86_64-linux-gnu/gconv/gconv-modules.cache
7f326747c000-7f3267490000 rw-p 00000000 00:00 0 
7f3267490000-7f3267498000 rw-s 00000000 08:01 1852127                    /tmp/hsperfdata_armando/11772
7f3267498000-7f3267499000 rw-p 00000000 00:00 0 
7f3267499000-7f326749a000 ---p 00000000 00:00 0 
7f326749a000-7f326749c000 rw-p 00000000 00:00 0 
7f326749c000-7f326749d000 r--p 00025000 08:01 6820340                    /lib/x86_64-linux-gnu/ld-2.23.so
7f326749d000-7f326749e000 rw-p 00026000 08:01 6820340                    /lib/x86_64-linux-gnu/ld-2.23.so
7f326749e000-7f326749f000 rw-p 00000000 00:00 0 
7ffcf4704000-7ffcf4725000 rw-p 00000000 00:00 0                          [stack]
7ffcf47b9000-7ffcf47bb000 r--p 00000000 00:00 0                          [vvar]
7ffcf47bb000-7ffcf47bd000 r-xp 00000000 00:00 0                          [vdso]
ffffffffff600000-ffffffffff601000 r-xp 00000000 00:00 0                  [vsyscall]

VM Arguments:
jvm_args: -Djava.awt.headless=true -Xmx1024M -Dfile.encoding=UTF-8 -Duser.country=US -Duser.language=es -Duser.variant 
java_command: com.android.dx.command.Main --dex --force-jumbo --num-threads=4 --multi-dex --output /home/armando/Dev/github/mi-libreta-firebase/app/build/intermediates/transforms/dex/debug/folders/1000/10/com.google.android.gms-play-services-ads-9.0.2_727130e188331e2fa5ee1b5a1aba6ecf9cb58392 /home/armando/Dev/github/mi-libreta-firebase/app/build/intermediates/exploded-aar/com.google.android.gms/play-services-ads/9.0.2/jars/classes.jar
java_class_path (initial): /home/armando/Android/Sdk/build-tools/24.0.0/lib/dx.jar
Launcher Type: SUN_STANDARD

Environment Variables:
JAVA_HOME=/home/armando/Dev/jdk1.8.0_51
PATH=/usr/local/sbin:/usr/local/bin:/usr/sbin:/usr/bin:/sbin:/bin:/usr/games:/usr/local/games:$JAVA_HOME/bin:/snap/bin
LD_LIBRARY_PATH=/home/armando/Dev/android-studio/bin:
SHELL=/bin/bash
DISPLAY=:0

Signal Handlers:
SIGSEGV: [libjvm.so+0xac4790], sa_mask[0]=11111111011111111101111111111110, sa_flags=SA_RESTART|SA_SIGINFO
SIGBUS: [libjvm.so+0xac4790], sa_mask[0]=11111111011111111101111111111110, sa_flags=SA_RESTART|SA_SIGINFO
SIGFPE: [libjvm.so+0x91f140], sa_mask[0]=11111111011111111101111111111110, sa_flags=SA_RESTART|SA_SIGINFO
SIGPIPE: [libjvm.so+0x91f140], sa_mask[0]=11111111011111111101111111111110, sa_flags=SA_RESTART|SA_SIGINFO
SIGXFSZ: [libjvm.so+0x91f140], sa_mask[0]=11111111011111111101111111111110, sa_flags=SA_RESTART|SA_SIGINFO
SIGILL: [libjvm.so+0x91f140], sa_mask[0]=11111111011111111101111111111110, sa_flags=SA_RESTART|SA_SIGINFO
SIGUSR1: SIG_DFL, sa_mask[0]=00000000000000000000000000000000, sa_flags=none
SIGUSR2: [libjvm.so+0x920770], sa_mask[0]=00100000000000000000000000000000, sa_flags=SA_RESTART|SA_SIGINFO
SIGHUP: [libjvm.so+0x921b70], sa_mask[0]=11111111011111111101111111111110, sa_flags=SA_RESTART|SA_SIGINFO
SIGINT: [libjvm.so+0x921b70], sa_mask[0]=11111111011111111101111111111110, sa_flags=SA_RESTART|SA_SIGINFO
SIGTERM: [libjvm.so+0x921b70], sa_mask[0]=11111111011111111101111111111110, sa_flags=SA_RESTART|SA_SIGINFO
SIGQUIT: [libjvm.so+0x921b70], sa_mask[0]=11111111011111111101111111111110, sa_flags=SA_RESTART|SA_SIGINFO


---------------  S Y S T E M  ---------------

OS:DISTRIB_ID=Ubuntu
DISTRIB_RELEASE=16.04
DISTRIB_CODENAME=xenial
DISTRIB_DESCRIPTION="Ubuntu 16.04.1 LTS"

uname:Linux 4.4.0-31-generic #50-Ubuntu SMP Wed Jul 13 00:07:12 UTC 2016 x86_64
libc:glibc 2.23 NPTL 2.23 
rlimit: STACK 8192k, CORE 0k, NPROC 30974, NOFILE 65536, AS infinity
load average:15.42 13.93 9.51

/proc/meminfo:
MemTotal:        7968104 kB
MemFree:          129180 kB
MemAvailable:      36956 kB
Buffers:            1148 kB
Cached:           212996 kB
SwapCached:        55636 kB
Active:          6239612 kB
Inactive:        1238280 kB
Active(anon):    6222788 kB
Inactive(anon):  1226160 kB
Active(file):      16824 kB
Inactive(file):    12120 kB
Unevictable:        1128 kB
Mlocked:            1128 kB
SwapTotal:       8179708 kB
SwapFree:              0 kB
Dirty:              1024 kB
Writeback:             0 kB
AnonPages:       7211832 kB
Mapped:            42932 kB
Shmem:            184436 kB
Slab:             124800 kB
SReclaimable:      59628 kB
SUnreclaim:        65172 kB
KernelStack:       24256 kB
PageTables:       133196 kB
NFS_Unstable:          0 kB
Bounce:                0 kB
WritebackTmp:          0 kB
CommitLimit:    12163760 kB
Committed_AS:   32889172 kB
VmallocTotal:   34359738367 kB
VmallocUsed:           0 kB
VmallocChunk:          0 kB
HardwareCorrupted:     0 kB
AnonHugePages:    845824 kB
CmaTotal:              0 kB
CmaFree:               0 kB
HugePages_Total:       0
HugePages_Free:        0
HugePages_Rsvd:        0
HugePages_Surp:        0
Hugepagesize:       2048 kB
DirectMap4k:      321792 kB
DirectMap2M:     7860224 kB


CPU:total 4 (2 cores per cpu, 2 threads per core) family 6 model 37 stepping 5, cmov, cx8, fxsr, mmx, sse, sse2, sse3, ssse3, sse4.1, sse4.2, popcnt, ht, tsc, tscinvbit

/proc/cpuinfo:
processor	: 0
vendor_id	: GenuineIntel
cpu family	: 6
model		: 37
model name	: Intel(R) Core(TM) i3 CPU       M 380  @ 2.53GHz
stepping	: 5
microcode	: 0x4
cpu MHz		: 2533.000
cache size	: 3072 KB
physical id	: 0
siblings	: 4
core id		: 0
cpu cores	: 2
apicid		: 0
initial apicid	: 0
fpu		: yes
fpu_exception	: yes
cpuid level	: 11
wp		: yes
flags		: fpu vme de pse tsc msr pae mce cx8 apic sep mtrr pge mca cmov pat pse36 clflush dts acpi mmx fxsr sse sse2 ss ht tm pbe syscall nx rdtscp lm constant_tsc arch_perfmon pebs bts rep_good nopl xtopology nonstop_tsc aperfmperf pni dtes64 monitor ds_cpl vmx est tm2 ssse3 cx16 xtpr pdcm pcid sse4_1 sse4_2 popcnt lahf_lm tpr_shadow vnmi flexpriority ept vpid dtherm arat
bugs		:
bogomips	: 5066.91
clflush size	: 64
cache_alignment	: 64
address sizes	: 36 bits physical, 48 bits virtual
power management:

processor	: 1
vendor_id	: GenuineIntel
cpu family	: 6
model		: 37
model name	: Intel(R) Core(TM) i3 CPU       M 380  @ 2.53GHz
stepping	: 5
microcode	: 0x4
cpu MHz		: 2533.000
cache size	: 3072 KB
physical id	: 0
siblings	: 4
core id		: 0
cpu cores	: 2
apicid		: 1
initial apicid	: 1
fpu		: yes
fpu_exception	: yes
cpuid level	: 11
wp		: yes
flags		: fpu vme de pse tsc msr pae mce cx8 apic sep mtrr pge mca cmov pat pse36 clflush dts acpi mmx fxsr sse sse2 ss ht tm pbe syscall nx rdtscp lm constant_tsc arch_perfmon pebs bts rep_good nopl xtopology nonstop_tsc aperfmperf pni dtes64 monitor ds_cpl vmx est tm2 ssse3 cx16 xtpr pdcm pcid sse4_1 sse4_2 popcnt lahf_lm tpr_shadow vnmi flexpriority ept vpid dtherm arat
bugs		:
bogomips	: 5066.91
clflush size	: 64
cache_alignment	: 64
address sizes	: 36 bits physical, 48 bits virtual
power management:

processor	: 2
vendor_id	: GenuineIntel
cpu family	: 6
model		: 37
model name	: Intel(R) Core(TM) i3 CPU       M 380  @ 2.53GHz
stepping	: 5
microcode	: 0x4
cpu MHz		: 2533.000
cache size	: 3072 KB
physical id	: 0
siblings	: 4
core id		: 2
cpu cores	: 2
apicid		: 4
initial apicid	: 4
fpu		: yes
fpu_exception	: yes
cpuid level	: 11
wp		: yes
flags		: fpu vme de pse tsc msr pae mce cx8 apic sep mtrr pge mca cmov pat pse36 clflush dts acpi mmx fxsr sse sse2 ss ht tm pbe syscall nx rdtscp lm constant_tsc arch_perfmon pebs bts rep_good nopl xtopology nonstop_tsc aperfmperf pni dtes64 monitor ds_cpl vmx est tm2 ssse3 cx16 xtpr pdcm pcid sse4_1 sse4_2 popcnt lahf_lm tpr_shadow vnmi flexpriority ept vpid dtherm arat
bugs		:
bogomips	: 5066.91
clflush size	: 64
cache_alignment	: 64
address sizes	: 36 bits physical, 48 bits virtual
power management:

processor	: 3
vendor_id	: GenuineIntel
cpu family	: 6
model		: 37
model name	: Intel(R) Core(TM) i3 CPU       M 380  @ 2.53GHz
stepping	: 5
microcode	: 0x4
cpu MHz		: 2533.000
cache size	: 3072 KB
physical id	: 0
siblings	: 4
core id		: 2
cpu cores	: 2
apicid		: 5
initial apicid	: 5
fpu		: yes
fpu_exception	: yes
cpuid level	: 11
wp		: yes
flags		: fpu vme de pse tsc msr pae mce cx8 apic sep mtrr pge mca cmov pat pse36 clflush dts acpi mmx fxsr sse sse2 ss ht tm pbe syscall nx rdtscp lm constant_tsc arch_perfmon pebs bts rep_good nopl xtopology nonstop_tsc aperfmperf pni dtes64 monitor ds_cpl vmx est tm2 ssse3 cx16 xtpr pdcm pcid sse4_1 sse4_2 popcnt lahf_lm tpr_shadow vnmi flexpriority ept vpid dtherm arat
bugs		:
bogomips	: 5066.91
clflush size	: 64
cache_alignment	: 64
address sizes	: 36 bits physical, 48 bits virtual
power management:



Memory: 4k page, physical 7968104k(129104k free), swap 8179708k(0k free)

vm_info: Java HotSpot(TM) 64-Bit Server VM (25.101-b13) for linux-amd64 JRE (1.8.0_101-b13), built on Jun 22 2016 02:59:44 by "java_re" with gcc 4.3.0 20080428 (Red Hat 4.3.0-8)

time: Mon Aug  1 22:54:31 2016
elapsed time: 32 seconds (0d 0h 0m 32s)

