#
# There is insufficient memory for the Java Runtime Environment to continue.
# Native memory allocation (mmap) failed to map 63963136 bytes for committing reserved memory.
# Possible reasons:
#   The system is out of physical RAM or swap space
#   In 32 bit mode, the process size limit was hit
# Possible solutions:
#   Reduce memory load on the system
#   Increase physical memory or swap space
#   Check if swap backing store is full
#   Use 64 bit Java on a 64 bit OS
#   Decrease Java heap size (-Xmx/-Xms)
#   Decrease number of Java threads
#   Decrease Java thread stack sizes (-Xss)
#   Set larger code cache with -XX:ReservedCodeCacheSize=
# This output file may be truncated or incomplete.
#
#  Out of Memory Error (os_linux.cpp:2627), pid=20886, tid=0x00007f69e89f9700
#
# JRE version: Java(TM) SE Runtime Environment (8.0_101-b13) (build 1.8.0_101-b13)
# Java VM: Java HotSpot(TM) 64-Bit Server VM (25.101-b13 mixed mode linux-amd64 compressed oops)
# Failed to write core dump. Core dumps have been disabled. To enable core dumping, try "ulimit -c unlimited" before starting Java again
#

---------------  T H R E A D  ---------------

Current thread (0x00007f69f8078000):  VMThread [stack: 0x00007f69e88f9000,0x00007f69e89fa000] [id=20915]

Stack: [0x00007f69e88f9000,0x00007f69e89fa000],  sp=0x00007f69e89f8220,  free space=1020k
Native frames: (J=compiled Java code, j=interpreted, Vv=VM code, C=native code)
V  [libjvm.so+0xac3f0a]  VMError::report_and_die()+0x2ba
V  [libjvm.so+0x4fbf9b]  report_vm_out_of_memory(char const*, int, unsigned long, VMErrorType, char const*)+0x8b
V  [libjvm.so+0x9222d3]  os::Linux::commit_memory_impl(char*, unsigned long, bool)+0x103
V  [libjvm.so+0x922829]  os::pd_commit_memory(char*, unsigned long, unsigned long, bool)+0x29
V  [libjvm.so+0x91cb2a]  os::commit_memory(char*, unsigned long, unsigned long, bool)+0x2a
V  [libjvm.so+0x991053]  PSVirtualSpace::expand_by(unsigned long)+0x53
V  [libjvm.so+0x992458]  PSYoungGen::resize_generation(unsigned long, unsigned long)+0xf8
V  [libjvm.so+0x9915b2]  PSYoungGen::resize(unsigned long, unsigned long)+0x22
V  [libjvm.so+0x98e88b]  PSScavenge::invoke_no_policy()+0xf3b
V  [libjvm.so+0x98f011]  PSScavenge::invoke()+0x41
V  [libjvm.so+0x945fc0]  ParallelScavengeHeap::failed_mem_allocate(unsigned long)+0x70
V  [libjvm.so+0xac5927]  VM_ParallelGCFailedAllocation::doit()+0x97
V  [libjvm.so+0xacd405]  VM_Operation::evaluate()+0x55
V  [libjvm.so+0xacb7da]  VMThread::evaluate_operation(VM_Operation*)+0xba
V  [libjvm.so+0xacbb5e]  VMThread::loop()+0x1ce
V  [libjvm.so+0xacbfd0]  VMThread::run()+0x70
V  [libjvm.so+0x924698]  java_start(Thread*)+0x108

VM_Operation (0x00007f69d943ccb0): ParallelGCFailedAllocation, mode: safepoint, requested by thread 0x00007f69f8147000


---------------  P R O C E S S  ---------------

Java Threads: ( => current thread )
  0x00007f69f814a000 JavaThread "pool-2-thread-4" [_thread_blocked, id=20969, stack(0x00007f69d913c000,0x00007f69d923d000)]
  0x00007f69f8148800 JavaThread "pool-2-thread-3" [_thread_blocked, id=20968, stack(0x00007f69d923d000,0x00007f69d933e000)]
  0x00007f69f8147000 JavaThread "pool-2-thread-2" [_thread_blocked, id=20967, stack(0x00007f69d933e000,0x00007f69d943f000)]
  0x00007f69f8146000 JavaThread "pool-3-thread-1" [_thread_blocked, id=20966, stack(0x00007f69d943f000,0x00007f69d9540000)]
  0x00007f69f8143800 JavaThread "pool-2-thread-1" [_thread_blocked, id=20964, stack(0x00007f69d9540000,0x00007f69d9641000)]
  0x00007f69f80bf800 JavaThread "Service Thread" daemon [_thread_blocked, id=20942, stack(0x00007f69e81f2000,0x00007f69e82f3000)]
  0x00007f69f80bc800 JavaThread "C1 CompilerThread2" daemon [_thread_blocked, id=20940, stack(0x00007f69e82f3000,0x00007f69e83f4000)]
  0x00007f69f80bb000 JavaThread "C2 CompilerThread1" daemon [_thread_blocked, id=20938, stack(0x00007f69e83f4000,0x00007f69e84f5000)]
  0x00007f69f80b8800 JavaThread "C2 CompilerThread0" daemon [_thread_blocked, id=20935, stack(0x00007f69e84f5000,0x00007f69e85f6000)]
  0x00007f69f80b7000 JavaThread "Signal Dispatcher" daemon [_thread_blocked, id=20932, stack(0x00007f69e85f6000,0x00007f69e86f7000)]
  0x00007f69f8084000 JavaThread "Finalizer" daemon [_thread_blocked, id=20923, stack(0x00007f69e86f7000,0x00007f69e87f8000)]
  0x00007f69f807f800 JavaThread "Reference Handler" daemon [_thread_blocked, id=20919, stack(0x00007f69e87f8000,0x00007f69e88f9000)]
  0x00007f69f800a000 JavaThread "main" [_thread_blocked, id=20894, stack(0x00007f6a01082000,0x00007f6a01183000)]

Other Threads:
=>0x00007f69f8078000 VMThread [stack: 0x00007f69e88f9000,0x00007f69e89fa000] [id=20915]
  0x00007f69f80c2800 WatcherThread [stack: 0x00007f69e80f1000,0x00007f69e81f2000] [id=20945]

VM state:at safepoint (normal execution)

VM Mutex/Monitor currently owned by a thread:  ([mutex/lock_event])
[0x00007f69f8006570] Threads_lock - owner thread: 0x00007f69f8078000
[0x00007f69f8006a70] Heap_lock - owner thread: 0x00007f69f8147000

Heap:
 PSYoungGen      total 67584K, used 5090K [0x00000000eab00000, 0x00000000ef200000, 0x0000000100000000)
  eden space 62464K, 0% used [0x00000000eab00000,0x00000000eab00000,0x00000000ee800000)
  from space 5120K, 99% used [0x00000000ee800000,0x00000000eecf8a20,0x00000000eed00000)
  to   space 5120K, 0% used [0x00000000eed00000,0x00000000eed00000,0x00000000ef200000)
 ParOldGen       total 83456K, used 12187K [0x00000000c0000000, 0x00000000c5180000, 0x00000000eab00000)
  object space 83456K, 14% used [0x00000000c0000000,0x00000000c0be6db8,0x00000000c5180000)
 Metaspace       used 5836K, capacity 6832K, committed 7040K, reserved 1056768K
  class space    used 594K, capacity 616K, committed 640K, reserved 1048576K

Card table byte_map: [0x00007f69fdc35000,0x00007f69fde36000] byte_map_base: 0x00007f69fd635000

Marking Bits: (ParMarkBitMap*) 0x00007f6a0055e120
 Begin Bits: [0x00007f69da000000, 0x00007f69db000000)
 End Bits:   [0x00007f69db000000, 0x00007f69dc000000)

Polling page: 0x00007f6a011ad000

CodeCache: size=245760Kb used=4054Kb max_used=4054Kb free=241705Kb
 bounds [0x00007f69e9000000, 0x00007f69e9400000, 0x00007f69f8000000]
 total_blobs=1327 nmethods=1060 adapters=182
 compilation: enabled

Compilation events (10 events):
Event: 5.801 Thread 0x00007f69f80bc800 nmethod 1139 0x00007f69e93f7c10 code [0x00007f69e93f7d60, 0x00007f69e93f7eb0]
Event: 5.801 Thread 0x00007f69f80bc800 1198       2       com.android.dx.ssa.SsaMethod$2::visitPhiInsn (6 bytes)
Event: 5.802 Thread 0x00007f69f80bc800 nmethod 1198 0x00007f69e93f7f50 code [0x00007f69e93f80c0, 0x00007f69e93f8228]
Event: 5.802 Thread 0x00007f69f80bc800 1222       2       com.android.dx.ssa.MoveParamCombiner$1::visitPhiInsn (1 bytes)
Event: 5.802 Thread 0x00007f69f80bc800 nmethod 1222 0x00007f69e93f82d0 code [0x00007f69e93f8420, 0x00007f69e93f8570]
Event: 5.802 Thread 0x00007f69f80bc800  501       1       com.android.dx.cf.attrib.AttCode::getCode (5 bytes)
Event: 5.802 Thread 0x00007f69f80bc800 nmethod 501 0x00007f69e93d1910 code [0x00007f69e93d1a60, 0x00007f69e93d1b70]
Event: 5.802 Thread 0x00007f69f80bc800 1230       2       com.android.dx.cf.code.ConcreteMethod::getCode (8 bytes)
Event: 5.802 Thread 0x00007f69f80bc800 nmethod 1230 0x00007f69e93f8610 code [0x00007f69e93f8760, 0x00007f69e93f88b0]
Event: 5.802 Thread 0x00007f69f80bc800  506       1       com.android.dx.rop.code.RopMethod::getFirstLabel (5 bytes)

GC Heap History (5 events):
Event: 3.003 GC heap before
{Heap before GC invocations=1 (full 0):
 PSYoungGen      total 36352K, used 31232K [0x00000000eab00000, 0x00000000ed380000, 0x0000000100000000)
  eden space 31232K, 100% used [0x00000000eab00000,0x00000000ec980000,0x00000000ec980000)
  from space 5120K, 0% used [0x00000000ece80000,0x00000000ece80000,0x00000000ed380000)
  to   space 5120K, 0% used [0x00000000ec980000,0x00000000ec980000,0x00000000ece80000)
 ParOldGen       total 83456K, used 0K [0x00000000c0000000, 0x00000000c5180000, 0x00000000eab00000)
  object space 83456K, 0% used [0x00000000c0000000,0x00000000c0000000,0x00000000c5180000)
 Metaspace       used 5730K, capacity 6704K, committed 6784K, reserved 1056768K
  class space    used 592K, capacity 616K, committed 640K, reserved 1048576K
Event: 3.074 GC heap after
Heap after GC invocations=1 (full 0):
 PSYoungGen      total 36352K, used 5104K [0x00000000eab00000, 0x00000000ef200000, 0x0000000100000000)
  eden space 31232K, 0% used [0x00000000eab00000,0x00000000eab00000,0x00000000ec980000)
  from space 5120K, 99% used [0x00000000ec980000,0x00000000ece7c078,0x00000000ece80000)
  to   space 5120K, 0% used [0x00000000eed00000,0x00000000eed00000,0x00000000ef200000)
 ParOldGen       total 83456K, used 490K [0x00000000c0000000, 0x00000000c5180000, 0x00000000eab00000)
  object space 83456K, 0% used [0x00000000c0000000,0x00000000c007aad0,0x00000000c5180000)
 Metaspace       used 5730K, capacity 6704K, committed 6784K, reserved 1056768K
  class space    used 592K, capacity 616K, committed 640K, reserved 1048576K
}
Event: 3.971 GC heap before
{Heap before GC invocations=2 (full 0):
 PSYoungGen      total 36352K, used 36336K [0x00000000eab00000, 0x00000000ef200000, 0x0000000100000000)
  eden space 31232K, 100% used [0x00000000eab00000,0x00000000ec980000,0x00000000ec980000)
  from space 5120K, 99% used [0x00000000ec980000,0x00000000ece7c078,0x00000000ece80000)
  to   space 5120K, 0% used [0x00000000eed00000,0x00000000eed00000,0x00000000ef200000)
 ParOldGen       total 83456K, used 490K [0x00000000c0000000, 0x00000000c5180000, 0x00000000eab00000)
  object space 83456K, 0% used [0x00000000c0000000,0x00000000c007aad0,0x00000000c5180000)
 Metaspace       used 5788K, capacity 6768K, committed 7040K, reserved 1056768K
  class space    used 592K, capacity 616K, committed 640K, reserved 1048576K
Event: 4.043 GC heap after
Heap after GC invocations=2 (full 0):
 PSYoungGen      total 67584K, used 5111K [0x00000000eab00000, 0x00000000ef200000, 0x0000000100000000)
  eden space 62464K, 0% used [0x00000000eab00000,0x00000000eab00000,0x00000000ee800000)
  from space 5120K, 99% used [0x00000000eed00000,0x00000000ef1fdc58,0x00000000ef200000)
  to   space 5120K, 0% used [0x00000000ee800000,0x00000000ee800000,0x00000000eed00000)
 ParOldGen       total 83456K, used 4066K [0x00000000c0000000, 0x00000000c5180000, 0x00000000eab00000)
  object space 83456K, 4% used [0x00000000c0000000,0x00000000c03f8ba0,0x00000000c5180000)
 Metaspace       used 5788K, capacity 6768K, committed 7040K, reserved 1056768K
  class space    used 592K, capacity 616K, committed 640K, reserved 1048576K
}
Event: 5.917 GC heap before
{Heap before GC invocations=3 (full 0):
 PSYoungGen      total 67584K, used 67575K [0x00000000eab00000, 0x00000000ef200000, 0x0000000100000000)
  eden space 62464K, 100% used [0x00000000eab00000,0x00000000ee800000,0x00000000ee800000)
  from space 5120K, 99% used [0x00000000eed00000,0x00000000ef1fdc58,0x00000000ef200000)
  to   space 5120K, 0% used [0x00000000ee800000,0x00000000ee800000,0x00000000eed00000)
 ParOldGen       total 83456K, used 4066K [0x00000000c0000000, 0x00000000c5180000, 0x00000000eab00000)
  object space 83456K, 4% used [0x00000000c0000000,0x00000000c03f8ba0,0x00000000c5180000)
 Metaspace       used 5836K, capacity 6832K, committed 7040K, reserved 1056768K
  class space    used 594K, capacity 616K, committed 640K, reserved 1048576K

Deoptimization events (10 events):
Event: 1.973 Thread 0x00007f69f8147000 Uncommon trap: reason=unstable_if action=reinterpret pc=0x00007f69e91e04ec method=java.util.BitSet.nextSetBit(I)I @ 87
Event: 2.182 Thread 0x00007f69f8148800 Uncommon trap: reason=class_check action=maybe_recompile pc=0x00007f69e9208050 method=com.android.dx.ssa.NormalSsaInsn.accept(Lcom/android/dx/ssa/SsaInsn$Visitor;)V @ 9
Event: 2.182 Thread 0x00007f69f8148800 Uncommon trap: reason=class_check action=maybe_recompile pc=0x00007f69e9208050 method=com.android.dx.ssa.NormalSsaInsn.accept(Lcom/android/dx/ssa/SsaInsn$Visitor;)V @ 9
Event: 2.218 Thread 0x00007f69f8148800 Uncommon trap: reason=class_check action=maybe_recompile pc=0x00007f69e9208050 method=com.android.dx.ssa.NormalSsaInsn.accept(Lcom/android/dx/ssa/SsaInsn$Visitor;)V @ 9
Event: 2.218 Thread 0x00007f69f8148800 Uncommon trap: reason=class_check action=maybe_recompile pc=0x00007f69e9208050 method=com.android.dx.ssa.NormalSsaInsn.accept(Lcom/android/dx/ssa/SsaInsn$Visitor;)V @ 9
Event: 3.231 Thread 0x00007f69f800a000 Uncommon trap: reason=unstable_if action=reinterpret pc=0x00007f69e91d2adc method=java.lang.String.<init>([CII)V @ 18
Event: 3.249 Thread 0x00007f69f8147000 Uncommon trap: reason=class_check action=maybe_recompile pc=0x00007f69e928c6f8 method=com.android.dx.ssa.NormalSsaInsn.accept(Lcom/android/dx/ssa/SsaInsn$Visitor;)V @ 9
Event: 5.272 Thread 0x00007f69f814a000 Uncommon trap: reason=bimorphic action=maybe_recompile pc=0x00007f69e91eca90 method=java.util.HashMap.getNode(ILjava/lang/Object;)Ljava/util/HashMap$Node; @ 126
Event: 5.272 Thread 0x00007f69f814a000 Uncommon trap: reason=bimorphic action=maybe_recompile pc=0x00007f69e91eca90 method=java.util.HashMap.getNode(ILjava/lang/Object;)Ljava/util/HashMap$Node; @ 126
Event: 5.548 Thread 0x00007f69f8147000 Uncommon trap: reason=bimorphic action=maybe_recompile pc=0x00007f69e91eca90 method=java.util.HashMap.getNode(ILjava/lang/Object;)Ljava/util/HashMap$Node; @ 126

Internal exceptions (2 events):
Event: 0.155 Thread 0x00007f69f800a000 Exception <a 'java/lang/NoSuchMethodError': Method sun.misc.Unsafe.defineClass(Ljava/lang/String;[BII)Ljava/lang/Class; name or signature does not match> (0x00000000eab07cc0) thrown at [/HUDSON3/workspace/8-2-build-linux-amd64/jdk8u101/7261/hotspot/src/sh
Event: 0.155 Thread 0x00007f69f800a000 Exception <a 'java/lang/NoSuchMethodError': Method sun.misc.Unsafe.prefetchRead(Ljava/lang/Object;J)V name or signature does not match> (0x00000000eab07fa8) thrown at [/HUDSON3/workspace/8-2-build-linux-amd64/jdk8u101/7261/hotspot/src/share/vm/prims/jni.c

Events (10 events):
Event: 5.615 Thread 0x00007f69f814a000 DEOPT UNPACKING pc=0x00007f69e9047233 sp=0x00007f69d923ab00 mode 0
Event: 5.655 Thread 0x00007f69f8147000 DEOPT PACKING pc=0x00007f69e935d20b sp=0x00007f69d943cf40
Event: 5.655 Thread 0x00007f69f8147000 DEOPT UNPACKING pc=0x00007f69e9047233 sp=0x00007f69d943ccf8 mode 0
Event: 5.656 Thread 0x00007f69f8147000 DEOPT PACKING pc=0x00007f69e922fdcb sp=0x00007f69d943d0f0
Event: 5.656 Thread 0x00007f69f8147000 DEOPT UNPACKING pc=0x00007f69e9047233 sp=0x00007f69d943ce68 mode 0
Event: 5.668 loading class com/android/dx/rop/code/RegOps
Event: 5.668 loading class com/android/dx/rop/code/RegOps done
Event: 5.779 Thread 0x00007f69f8143800 DEOPT PACKING pc=0x00007f69e92ce778 sp=0x00007f69d963ede0
Event: 5.779 Thread 0x00007f69f8143800 DEOPT UNPACKING pc=0x00007f69e9047233 sp=0x00007f69d963ebe0 mode 0
Event: 5.829 Executing VM operation: ParallelGCFailedAllocation


Dynamic libraries:
00400000-00401000 r-xp 00000000 08:01 1322254                            /usr/lib/jvm/java-8-oracle/bin/java
00600000-00601000 rw-p 00000000 08:01 1322254                            /usr/lib/jvm/java-8-oracle/bin/java
02091000-020b2000 rw-p 00000000 00:00 0                                  [heap]
c0000000-c5180000 rw-p 00000000 00:00 0 
c5180000-eab00000 ---p 00000000 00:00 0 
eab00000-ef200000 rw-p 00000000 00:00 0 
f2f00000-100000000 ---p 00000000 00:00 0 
100000000-1000a0000 rw-p 00000000 00:00 0 
1000a0000-140000000 ---p 00000000 00:00 0 
7f6998000000-7f6998021000 rw-p 00000000 00:00 0 
7f6998021000-7f699c000000 ---p 00000000 00:00 0 
7f69a0000000-7f69a0021000 rw-p 00000000 00:00 0 
7f69a0021000-7f69a4000000 ---p 00000000 00:00 0 
7f69a4000000-7f69a4035000 rw-p 00000000 00:00 0 
7f69a4035000-7f69a8000000 ---p 00000000 00:00 0 
7f69a8000000-7f69a803b000 rw-p 00000000 00:00 0 
7f69a803b000-7f69ac000000 ---p 00000000 00:00 0 
7f69ac000000-7f69ac021000 rw-p 00000000 00:00 0 
7f69ac021000-7f69b0000000 ---p 00000000 00:00 0 
7f69b0000000-7f69b0021000 rw-p 00000000 00:00 0 
7f69b0021000-7f69b4000000 ---p 00000000 00:00 0 
7f69b4000000-7f69b4021000 rw-p 00000000 00:00 0 
7f69b4021000-7f69b8000000 ---p 00000000 00:00 0 
7f69b8000000-7f69b84d7000 rw-p 00000000 00:00 0 
7f69b84d7000-7f69bc000000 ---p 00000000 00:00 0 
7f69bc000000-7f69bc504000 rw-p 00000000 00:00 0 
7f69bc504000-7f69c0000000 ---p 00000000 00:00 0 
7f69c0000000-7f69c0021000 rw-p 00000000 00:00 0 
7f69c0021000-7f69c4000000 ---p 00000000 00:00 0 
7f69c4000000-7f69c44fc000 rw-p 00000000 00:00 0 
7f69c44fc000-7f69c8000000 ---p 00000000 00:00 0 
7f69c8000000-7f69c8021000 rw-p 00000000 00:00 0 
7f69c8021000-7f69cc000000 ---p 00000000 00:00 0 
7f69cc000000-7f69cc021000 rw-p 00000000 00:00 0 
7f69cc021000-7f69d0000000 ---p 00000000 00:00 0 
7f69d0000000-7f69d0291000 rw-p 00000000 00:00 0 
7f69d0291000-7f69d4000000 ---p 00000000 00:00 0 
7f69d4000000-7f69d4021000 rw-p 00000000 00:00 0 
7f69d4021000-7f69d8000000 ---p 00000000 00:00 0 
7f69d913c000-7f69d913f000 ---p 00000000 00:00 0 
7f69d913f000-7f69d923d000 rw-p 00000000 00:00 0 
7f69d923d000-7f69d9240000 ---p 00000000 00:00 0 
7f69d9240000-7f69d933e000 rw-p 00000000 00:00 0 
7f69d933e000-7f69d9341000 ---p 00000000 00:00 0 
7f69d9341000-7f69d943f000 rw-p 00000000 00:00 0 
7f69d943f000-7f69d9442000 ---p 00000000 00:00 0 
7f69d9442000-7f69d9540000 rw-p 00000000 00:00 0 
7f69d9540000-7f69d9543000 ---p 00000000 00:00 0 
7f69d9543000-7f69d9641000 rw-p 00000000 00:00 0 
7f69d9641000-7f69da000000 r--p 00000000 08:01 1318185                    /usr/lib/locale/locale-archive
7f69da000000-7f69dc000000 rw-p 00000000 00:00 0 
7f69dc000000-7f69dc021000 rw-p 00000000 00:00 0 
7f69dc021000-7f69e0000000 ---p 00000000 00:00 0 
7f69e0000000-7f69e0021000 rw-p 00000000 00:00 0 
7f69e0021000-7f69e4000000 ---p 00000000 00:00 0 
7f69e4000000-7f69e4021000 rw-p 00000000 00:00 0 
7f69e4021000-7f69e8000000 ---p 00000000 00:00 0 
7f69e80f1000-7f69e80f2000 ---p 00000000 00:00 0 
7f69e80f2000-7f69e81f2000 rw-p 00000000 00:00 0 
7f69e81f2000-7f69e81f5000 ---p 00000000 00:00 0 
7f69e81f5000-7f69e82f3000 rw-p 00000000 00:00 0 
7f69e82f3000-7f69e82f6000 ---p 00000000 00:00 0 
7f69e82f6000-7f69e83f4000 rw-p 00000000 00:00 0 
7f69e83f4000-7f69e83f7000 ---p 00000000 00:00 0 
7f69e83f7000-7f69e84f5000 rw-p 00000000 00:00 0 
7f69e84f5000-7f69e84f8000 ---p 00000000 00:00 0 
7f69e84f8000-7f69e85f6000 rw-p 00000000 00:00 0 
7f69e85f6000-7f69e85f9000 ---p 00000000 00:00 0 
7f69e85f9000-7f69e86f7000 rw-p 00000000 00:00 0 
7f69e86f7000-7f69e86fa000 ---p 00000000 00:00 0 
7f69e86fa000-7f69e87f8000 rw-p 00000000 00:00 0 
7f69e87f8000-7f69e87fb000 ---p 00000000 00:00 0 
7f69e87fb000-7f69e88f9000 rw-p 00000000 00:00 0 
7f69e88f9000-7f69e88fa000 ---p 00000000 00:00 0 
7f69e88fa000-7f69e9000000 rw-p 00000000 00:00 0 
7f69e9000000-7f69e9400000 rwxp 00000000 00:00 0 
7f69e9400000-7f69f8000000 ---p 00000000 00:00 0 
7f69f8000000-7f69f8391000 rw-p 00000000 00:00 0 
7f69f8391000-7f69fc000000 ---p 00000000 00:00 0 
7f69fc090000-7f69fc0b5000 r--p 00000000 08:01 2363733                    /usr/share/locale-langpack/es/LC_MESSAGES/libc.mo
7f69fc0b5000-7f69fc0c3000 r--s 000b4000 08:01 7092147                    /home/armando/Dev/github/mi-libreta-firebase/app/build/intermediates/exploded-aar/com.facebook.android/facebook-android-sdk/4.11.0/jars/classes.jar
7f69fc0c3000-7f69fc0d1000 r--s 000e0000 08:01 1862219                    /home/armando/Android/Sdk/build-tools/24.0.0/lib/dx.jar
7f69fc0d1000-7f69fca8c000 rw-p 00000000 00:00 0 
7f69fca8c000-7f69fcc65000 r--s 03d29000 08:01 1322281                    /usr/lib/jvm/java-8-oracle/jre/lib/rt.jar
7f69fcc65000-7f69fd31b000 rw-p 00000000 00:00 0 
7f69fd31b000-7f69fd4db000 ---p 00000000 00:00 0 
7f69fd4db000-7f69fd6db000 rw-p 00000000 00:00 0 
7f69fd6db000-7f69fd6dc000 ---p 00000000 00:00 0 
7f69fd6dc000-7f69fd7dc000 rw-p 00000000 00:00 0 
7f69fd7dc000-7f69fd7dd000 ---p 00000000 00:00 0 
7f69fd7dd000-7f69fd8dd000 rw-p 00000000 00:00 0 
7f69fd8dd000-7f69fd8de000 ---p 00000000 00:00 0 
7f69fd8de000-7f69fd9de000 rw-p 00000000 00:00 0 
7f69fd9de000-7f69fd9df000 ---p 00000000 00:00 0 
7f69fd9df000-7f69fdb08000 rw-p 00000000 00:00 0 
7f69fdb08000-7f69fdc35000 ---p 00000000 00:00 0 
7f69fdc35000-7f69fdc5e000 rw-p 00000000 00:00 0 
7f69fdc5e000-7f69fdd8a000 ---p 00000000 00:00 0 
7f69fdd8a000-7f69fddae000 rw-p 00000000 00:00 0 
7f69fddae000-7f69fde35000 ---p 00000000 00:00 0 
7f69fde35000-7f69fde46000 rw-p 00000000 00:00 0 
7f69fde46000-7f69fe1f6000 ---p 00000000 00:00 0 
7f69fe1f6000-7f69fe210000 r-xp 00000000 08:01 1322358                    /usr/lib/jvm/java-8-oracle/jre/lib/amd64/libzip.so
7f69fe210000-7f69fe410000 ---p 0001a000 08:01 1322358                    /usr/lib/jvm/java-8-oracle/jre/lib/amd64/libzip.so
7f69fe410000-7f69fe411000 rw-p 0001a000 08:01 1322358                    /usr/lib/jvm/java-8-oracle/jre/lib/amd64/libzip.so
7f69fe411000-7f69fe41c000 r-xp 00000000 08:01 6820467                    /lib/x86_64-linux-gnu/libnss_files-2.23.so
7f69fe41c000-7f69fe61b000 ---p 0000b000 08:01 6820467                    /lib/x86_64-linux-gnu/libnss_files-2.23.so
7f69fe61b000-7f69fe61c000 r--p 0000a000 08:01 6820467                    /lib/x86_64-linux-gnu/libnss_files-2.23.so
7f69fe61c000-7f69fe61d000 rw-p 0000b000 08:01 6820467                    /lib/x86_64-linux-gnu/libnss_files-2.23.so
7f69fe61d000-7f69fe623000 rw-p 00000000 00:00 0 
7f69fe623000-7f69fe62e000 r-xp 00000000 08:01 6820477                    /lib/x86_64-linux-gnu/libnss_nis-2.23.so
7f69fe62e000-7f69fe82d000 ---p 0000b000 08:01 6820477                    /lib/x86_64-linux-gnu/libnss_nis-2.23.so
7f69fe82d000-7f69fe82e000 r--p 0000a000 08:01 6820477                    /lib/x86_64-linux-gnu/libnss_nis-2.23.so
7f69fe82e000-7f69fe82f000 rw-p 0000b000 08:01 6820477                    /lib/x86_64-linux-gnu/libnss_nis-2.23.so
7f69fe82f000-7f69fe845000 r-xp 00000000 08:01 6820461                    /lib/x86_64-linux-gnu/libnsl-2.23.so
7f69fe845000-7f69fea44000 ---p 00016000 08:01 6820461                    /lib/x86_64-linux-gnu/libnsl-2.23.so
7f69fea44000-7f69fea45000 r--p 00015000 08:01 6820461                    /lib/x86_64-linux-gnu/libnsl-2.23.so
7f69fea45000-7f69fea46000 rw-p 00016000 08:01 6820461                    /lib/x86_64-linux-gnu/libnsl-2.23.so
7f69fea46000-7f69fea48000 rw-p 00000000 00:00 0 
7f69fea48000-7f69fea50000 r-xp 00000000 08:01 6820463                    /lib/x86_64-linux-gnu/libnss_compat-2.23.so
7f69fea50000-7f69fec4f000 ---p 00008000 08:01 6820463                    /lib/x86_64-linux-gnu/libnss_compat-2.23.so
7f69fec4f000-7f69fec50000 r--p 00007000 08:01 6820463                    /lib/x86_64-linux-gnu/libnss_compat-2.23.so
7f69fec50000-7f69fec51000 rw-p 00008000 08:01 6820463                    /lib/x86_64-linux-gnu/libnss_compat-2.23.so
7f69fec51000-7f69fec7b000 r-xp 00000000 08:01 1322382                    /usr/lib/jvm/java-8-oracle/jre/lib/amd64/libjava.so
7f69fec7b000-7f69fee7b000 ---p 0002a000 08:01 1322382                    /usr/lib/jvm/java-8-oracle/jre/lib/amd64/libjava.so
7f69fee7b000-7f69fee7d000 rw-p 0002a000 08:01 1322382                    /usr/lib/jvm/java-8-oracle/jre/lib/amd64/libjava.so
7f69fee7d000-7f69fee8a000 r-xp 00000000 08:01 1322338                    /usr/lib/jvm/java-8-oracle/jre/lib/amd64/libverify.so
7f69fee8a000-7f69ff08a000 ---p 0000d000 08:01 1322338                    /usr/lib/jvm/java-8-oracle/jre/lib/amd64/libverify.so
7f69ff08a000-7f69ff08c000 rw-p 0000d000 08:01 1322338                    /usr/lib/jvm/java-8-oracle/jre/lib/amd64/libverify.so
7f69ff08c000-7f69ff093000 r-xp 00000000 08:01 6820522                    /lib/x86_64-linux-gnu/librt-2.23.so
7f69ff093000-7f69ff292000 ---p 00007000 08:01 6820522                    /lib/x86_64-linux-gnu/librt-2.23.so
7f69ff292000-7f69ff293000 r--p 00006000 08:01 6820522                    /lib/x86_64-linux-gnu/librt-2.23.so
7f69ff293000-7f69ff294000 rw-p 00007000 08:01 6820522                    /lib/x86_64-linux-gnu/librt-2.23.so
7f69ff294000-7f69ff39c000 r-xp 00000000 08:01 6820438                    /lib/x86_64-linux-gnu/libm-2.23.so
7f69ff39c000-7f69ff59b000 ---p 00108000 08:01 6820438                    /lib/x86_64-linux-gnu/libm-2.23.so
7f69ff59b000-7f69ff59c000 r--p 00107000 08:01 6820438                    /lib/x86_64-linux-gnu/libm-2.23.so
7f69ff59c000-7f69ff59d000 rw-p 00108000 08:01 6820438                    /lib/x86_64-linux-gnu/libm-2.23.so
7f69ff59d000-7f6a00268000 r-xp 00000000 08:01 1322392                    /usr/lib/jvm/java-8-oracle/jre/lib/amd64/server/libjvm.so
7f6a00268000-7f6a00467000 ---p 00ccb000 08:01 1322392                    /usr/lib/jvm/java-8-oracle/jre/lib/amd64/server/libjvm.so
7f6a00467000-7f6a00540000 rw-p 00cca000 08:01 1322392                    /usr/lib/jvm/java-8-oracle/jre/lib/amd64/server/libjvm.so
7f6a00540000-7f6a0058b000 rw-p 00000000 00:00 0 
7f6a0058b000-7f6a0074b000 r-xp 00000000 08:01 6820368                    /lib/x86_64-linux-gnu/libc-2.23.so
7f6a0074b000-7f6a0094a000 ---p 001c0000 08:01 6820368                    /lib/x86_64-linux-gnu/libc-2.23.so
7f6a0094a000-7f6a0094e000 r--p 001bf000 08:01 6820368                    /lib/x86_64-linux-gnu/libc-2.23.so
7f6a0094e000-7f6a00950000 rw-p 001c3000 08:01 6820368                    /lib/x86_64-linux-gnu/libc-2.23.so
7f6a00950000-7f6a00954000 rw-p 00000000 00:00 0 
7f6a00954000-7f6a00957000 r-xp 00000000 08:01 6820392                    /lib/x86_64-linux-gnu/libdl-2.23.so
7f6a00957000-7f6a00b56000 ---p 00003000 08:01 6820392                    /lib/x86_64-linux-gnu/libdl-2.23.so
7f6a00b56000-7f6a00b57000 r--p 00002000 08:01 6820392                    /lib/x86_64-linux-gnu/libdl-2.23.so
7f6a00b57000-7f6a00b58000 rw-p 00003000 08:01 6820392                    /lib/x86_64-linux-gnu/libdl-2.23.so
7f6a00b58000-7f6a00b6d000 r-xp 00000000 08:01 1321559                    /usr/lib/jvm/java-8-oracle/lib/amd64/jli/libjli.so
7f6a00b6d000-7f6a00d6d000 ---p 00015000 08:01 1321559                    /usr/lib/jvm/java-8-oracle/lib/amd64/jli/libjli.so
7f6a00d6d000-7f6a00d6e000 rw-p 00015000 08:01 1321559                    /usr/lib/jvm/java-8-oracle/lib/amd64/jli/libjli.so
7f6a00d6e000-7f6a00d86000 r-xp 00000000 08:01 6820514                    /lib/x86_64-linux-gnu/libpthread-2.23.so
7f6a00d86000-7f6a00f85000 ---p 00018000 08:01 6820514                    /lib/x86_64-linux-gnu/libpthread-2.23.so
7f6a00f85000-7f6a00f86000 r--p 00017000 08:01 6820514                    /lib/x86_64-linux-gnu/libpthread-2.23.so
7f6a00f86000-7f6a00f87000 rw-p 00018000 08:01 6820514                    /lib/x86_64-linux-gnu/libpthread-2.23.so
7f6a00f87000-7f6a00f8b000 rw-p 00000000 00:00 0 
7f6a00f8b000-7f6a00fb1000 r-xp 00000000 08:01 6820340                    /lib/x86_64-linux-gnu/ld-2.23.so
7f6a00fbd000-7f6a01082000 rw-p 00000000 00:00 0 
7f6a01082000-7f6a01085000 ---p 00000000 00:00 0 
7f6a01085000-7f6a01187000 rw-p 00000000 00:00 0 
7f6a01189000-7f6a01190000 r--s 00000000 08:01 1575994                    /usr/lib/x86_64-linux-gnu/gconv/gconv-modules.cache
7f6a01190000-7f6a011a4000 rw-p 00000000 00:00 0 
7f6a011a4000-7f6a011ac000 rw-s 00000000 08:01 1864375                    /tmp/hsperfdata_armando/20886
7f6a011ac000-7f6a011ad000 rw-p 00000000 00:00 0 
7f6a011ad000-7f6a011ae000 ---p 00000000 00:00 0 
7f6a011ae000-7f6a011b0000 rw-p 00000000 00:00 0 
7f6a011b0000-7f6a011b1000 r--p 00025000 08:01 6820340                    /lib/x86_64-linux-gnu/ld-2.23.so
7f6a011b1000-7f6a011b2000 rw-p 00026000 08:01 6820340                    /lib/x86_64-linux-gnu/ld-2.23.so
7f6a011b2000-7f6a011b3000 rw-p 00000000 00:00 0 
7ffca9cca000-7ffca9ceb000 rw-p 00000000 00:00 0                          [stack]
7ffca9d77000-7ffca9d79000 r--p 00000000 00:00 0                          [vvar]
7ffca9d79000-7ffca9d7b000 r-xp 00000000 00:00 0                          [vdso]
ffffffffff600000-ffffffffff601000 r-xp 00000000 00:00 0                  [vsyscall]

VM Arguments:
jvm_args: -Djava.awt.headless=true -Xmx1024M -Dfile.encoding=UTF-8 -Duser.country=US -Duser.language=es -Duser.variant 
java_command: com.android.dx.command.Main --dex --force-jumbo --num-threads=4 --multi-dex --output /home/armando/Dev/github/mi-libreta-firebase/app/build/intermediates/transforms/dex/debug/folders/1000/10/com.facebook.android-facebook-android-sdk-4.11.0_a0002fbd621e291b95b757c359765f29929cd45b /home/armando/Dev/github/mi-libreta-firebase/app/build/intermediates/exploded-aar/com.facebook.android/facebook-android-sdk/4.11.0/jars/classes.jar
java_class_path (initial): /home/armando/Android/Sdk/build-tools/24.0.0/lib/dx.jar
Launcher Type: SUN_STANDARD

Environment Variables:
JAVA_HOME=/home/armando/Dev/jdk1.8.0_51
PATH=/usr/local/sbin:/usr/local/bin:/usr/sbin:/usr/bin:/sbin:/bin:/usr/games:/usr/local/games:$JAVA_HOME/bin:/snap/bin
LD_LIBRARY_PATH=/home/armando/Dev/android-studio/bin:
SHELL=/bin/bash
DISPLAY=:0

Signal Handlers:
SIGSEGV: [libjvm.so+0xac4790], sa_mask[0]=11111111011111111101111111111110, sa_flags=SA_RESTART|SA_SIGINFO
SIGBUS: [libjvm.so+0xac4790], sa_mask[0]=11111111011111111101111111111110, sa_flags=SA_RESTART|SA_SIGINFO
SIGFPE: [libjvm.so+0x91f140], sa_mask[0]=11111111011111111101111111111110, sa_flags=SA_RESTART|SA_SIGINFO
SIGPIPE: [libjvm.so+0x91f140], sa_mask[0]=11111111011111111101111111111110, sa_flags=SA_RESTART|SA_SIGINFO
SIGXFSZ: [libjvm.so+0x91f140], sa_mask[0]=11111111011111111101111111111110, sa_flags=SA_RESTART|SA_SIGINFO
SIGILL: [libjvm.so+0x91f140], sa_mask[0]=11111111011111111101111111111110, sa_flags=SA_RESTART|SA_SIGINFO
SIGUSR1: SIG_DFL, sa_mask[0]=00000000000000000000000000000000, sa_flags=none
SIGUSR2: [libjvm.so+0x920770], sa_mask[0]=00100000000000000000000000000000, sa_flags=SA_RESTART|SA_SIGINFO
SIGHUP: [libjvm.so+0x921b70], sa_mask[0]=11111111011111111101111111111110, sa_flags=SA_RESTART|SA_SIGINFO
SIGINT: [libjvm.so+0x921b70], sa_mask[0]=11111111011111111101111111111110, sa_flags=SA_RESTART|SA_SIGINFO
SIGTERM: [libjvm.so+0x921b70], sa_mask[0]=11111111011111111101111111111110, sa_flags=SA_RESTART|SA_SIGINFO
SIGQUIT: [libjvm.so+0x921b70], sa_mask[0]=11111111011111111101111111111110, sa_flags=SA_RESTART|SA_SIGINFO


---------------  S Y S T E M  ---------------

OS:DISTRIB_ID=Ubuntu
DISTRIB_RELEASE=16.04
DISTRIB_CODENAME=xenial
DISTRIB_DESCRIPTION="Ubuntu 16.04.1 LTS"

uname:Linux 4.4.0-31-generic #50-Ubuntu SMP Wed Jul 13 00:07:12 UTC 2016 x86_64
libc:glibc 2.23 NPTL 2.23 
rlimit: STACK 8192k, CORE 0k, NPROC 30974, NOFILE 65536, AS infinity
load average:3.82 1.42 2.23

/proc/meminfo:
MemTotal:        7968104 kB
MemFree:          103628 kB
MemAvailable:       9356 kB
Buffers:             392 kB
Cached:           329904 kB
SwapCached:         8788 kB
Active:          6253904 kB
Inactive:        1238000 kB
Active(anon):    6239020 kB
Inactive(anon):  1225856 kB
Active(file):      14884 kB
Inactive(file):    12144 kB
Unevictable:        1128 kB
Mlocked:            1128 kB
SwapTotal:       8179708 kB
SwapFree:              0 kB
Dirty:                68 kB
Writeback:             0 kB
AnonPages:       7156356 kB
Mapped:           134112 kB
Shmem:            302356 kB
Slab:             124404 kB
SReclaimable:      57444 kB
SUnreclaim:        66960 kB
KernelStack:       25520 kB
PageTables:       141696 kB
NFS_Unstable:          0 kB
Bounce:                0 kB
WritebackTmp:          0 kB
CommitLimit:    12163760 kB
Committed_AS:   34278608 kB
VmallocTotal:   34359738367 kB
VmallocUsed:           0 kB
VmallocChunk:          0 kB
HardwareCorrupted:     0 kB
AnonHugePages:   1007616 kB
CmaTotal:              0 kB
CmaFree:               0 kB
HugePages_Total:       0
HugePages_Free:        0
HugePages_Rsvd:        0
HugePages_Surp:        0
Hugepagesize:       2048 kB
DirectMap4k:      344320 kB
DirectMap2M:     7837696 kB


CPU:total 4 (2 cores per cpu, 2 threads per core) family 6 model 37 stepping 5, cmov, cx8, fxsr, mmx, sse, sse2, sse3, ssse3, sse4.1, sse4.2, popcnt, ht, tsc, tscinvbit

/proc/cpuinfo:
processor	: 0
vendor_id	: GenuineIntel
cpu family	: 6
model		: 37
model name	: Intel(R) Core(TM) i3 CPU       M 380  @ 2.53GHz
stepping	: 5
microcode	: 0x4
cpu MHz		: 2533.000
cache size	: 3072 KB
physical id	: 0
siblings	: 4
core id		: 0
cpu cores	: 2
apicid		: 0
initial apicid	: 0
fpu		: yes
fpu_exception	: yes
cpuid level	: 11
wp		: yes
flags		: fpu vme de pse tsc msr pae mce cx8 apic sep mtrr pge mca cmov pat pse36 clflush dts acpi mmx fxsr sse sse2 ss ht tm pbe syscall nx rdtscp lm constant_tsc arch_perfmon pebs bts rep_good nopl xtopology nonstop_tsc aperfmperf pni dtes64 monitor ds_cpl vmx est tm2 ssse3 cx16 xtpr pdcm pcid sse4_1 sse4_2 popcnt lahf_lm tpr_shadow vnmi flexpriority ept vpid dtherm arat
bugs		:
bogomips	: 5066.91
clflush size	: 64
cache_alignment	: 64
address sizes	: 36 bits physical, 48 bits virtual
power management:

processor	: 1
vendor_id	: GenuineIntel
cpu family	: 6
model		: 37
model name	: Intel(R) Core(TM) i3 CPU       M 380  @ 2.53GHz
stepping	: 5
microcode	: 0x4
cpu MHz		: 2533.000
cache size	: 3072 KB
physical id	: 0
siblings	: 4
core id		: 0
cpu cores	: 2
apicid		: 1
initial apicid	: 1
fpu		: yes
fpu_exception	: yes
cpuid level	: 11
wp		: yes
flags		: fpu vme de pse tsc msr pae mce cx8 apic sep mtrr pge mca cmov pat pse36 clflush dts acpi mmx fxsr sse sse2 ss ht tm pbe syscall nx rdtscp lm constant_tsc arch_perfmon pebs bts rep_good nopl xtopology nonstop_tsc aperfmperf pni dtes64 monitor ds_cpl vmx est tm2 ssse3 cx16 xtpr pdcm pcid sse4_1 sse4_2 popcnt lahf_lm tpr_shadow vnmi flexpriority ept vpid dtherm arat
bugs		:
bogomips	: 5066.91
clflush size	: 64
cache_alignment	: 64
address sizes	: 36 bits physical, 48 bits virtual
power management:

processor	: 2
vendor_id	: GenuineIntel
cpu family	: 6
model		: 37
model name	: Intel(R) Core(TM) i3 CPU       M 380  @ 2.53GHz
stepping	: 5
microcode	: 0x4
cpu MHz		: 2533.000
cache size	: 3072 KB
physical id	: 0
siblings	: 4
core id		: 2
cpu cores	: 2
apicid		: 4
initial apicid	: 4
fpu		: yes
fpu_exception	: yes
cpuid level	: 11
wp		: yes
flags		: fpu vme de pse tsc msr pae mce cx8 apic sep mtrr pge mca cmov pat pse36 clflush dts acpi mmx fxsr sse sse2 ss ht tm pbe syscall nx rdtscp lm constant_tsc arch_perfmon pebs bts rep_good nopl xtopology nonstop_tsc aperfmperf pni dtes64 monitor ds_cpl vmx est tm2 ssse3 cx16 xtpr pdcm pcid sse4_1 sse4_2 popcnt lahf_lm tpr_shadow vnmi flexpriority ept vpid dtherm arat
bugs		:
bogomips	: 5066.91
clflush size	: 64
cache_alignment	: 64
address sizes	: 36 bits physical, 48 bits virtual
power management:

processor	: 3
vendor_id	: GenuineIntel
cpu family	: 6
model		: 37
model name	: Intel(R) Core(TM) i3 CPU       M 380  @ 2.53GHz
stepping	: 5
microcode	: 0x4
cpu MHz		: 2533.000
cache size	: 3072 KB
physical id	: 0
siblings	: 4
core id		: 2
cpu cores	: 2
apicid		: 5
initial apicid	: 5
fpu		: yes
fpu_exception	: yes
cpuid level	: 11
wp		: yes
flags		: fpu vme de pse tsc msr pae mce cx8 apic sep mtrr pge mca cmov pat pse36 clflush dts acpi mmx fxsr sse sse2 ss ht tm pbe syscall nx rdtscp lm constant_tsc arch_perfmon pebs bts rep_good nopl xtopology nonstop_tsc aperfmperf pni dtes64 monitor ds_cpl vmx est tm2 ssse3 cx16 xtpr pdcm pcid sse4_1 sse4_2 popcnt lahf_lm tpr_shadow vnmi flexpriority ept vpid dtherm arat
bugs		:
bogomips	: 5066.91
clflush size	: 64
cache_alignment	: 64
address sizes	: 36 bits physical, 48 bits virtual
power management:



Memory: 4k page, physical 7968104k(103628k free), swap 8179708k(0k free)

vm_info: Java HotSpot(TM) 64-Bit Server VM (25.101-b13) for linux-amd64 JRE (1.8.0_101-b13), built on Jun 22 2016 02:59:44 by "java_re" with gcc 4.3.0 20080428 (Red Hat 4.3.0-8)

time: Mon Aug  1 23:43:30 2016
elapsed time: 6 seconds (0d 0h 0m 6s)

